{"numFailedTestSuites":0,"numFailedTests":0,"numPassedTestSuites":220,"numPassedTests":2586,"numPendingTestSuites":0,"numPendingTests":0,"numRuntimeErrorTestSuites":0,"numTodoTests":0,"numTotalTestSuites":220,"numTotalTests":2586,"openHandles":[],"snapshot":{"added":0,"didUpdate":false,"failure":false,"filesAdded":0,"filesRemoved":0,"filesRemovedList":[],"filesUnmatched":0,"filesUpdated":0,"matched":0,"total":0,"unchecked":0,"uncheckedKeysByFile":[],"unmatched":0,"updated":0},"startTime":1782923641217,"success":true,"testResults":[{"assertionResults":[{"ancestorTitles":["getPermissionsForRole"],"duration":14,"failing":false,"failureDetails":[],"failureMessages":[],"fullName":"getPermissionsForRole should return citizen permissions","invocations":1,"location":null,"numPassingAsserts":8,"retryReasons":[],"startAt":1782923648361,"status":"passed","title":"should return citizen permissions"},{"ancestorTitles":["getPermissionsForRole"],"duration":3,"failing":false,"failureDetails":[],"failureMessages":[],"fullName":"getPermissionsForRole should return officer permissions","invocations":1,"location":null,"numPassingAsserts":5,"retryReasons":[],"startAt":1782923648376,"status":"passed","title":"should return officer permissions"},{"ancestorTitles":["getPermissionsForRole"],"duration":2,"failing":false,"failureDetails":[],"failureMessages":[],"fullName":"getPermissionsForRole should return admin permissions","invocations":1,"location":null,"numPassingAsserts":7,"retryReasons":[],"startAt":1782923648379,"status":"passed","title":"should return admin permissions"},{"ancestorTitles":["getPermissionsForRole"],"duration":2,"failing":false,"failureDetails":[],"failureMessages":[],"fullName":"getPermissionsForRole should return super_admin permissions","invocations":1,"location":null,"numPassingAsserts":6,"retryReasons":[],"startAt":1782923648382,"status":"passed","title":"should return super_admin permissions"},{"ancestorTitles":["getPermissionsForRole"],"duration":2,"failing":false,"failureDetails":[],"failureMessages":[],"fullName":"getPermissionsForRole should return undefined for unknown role","invocations":1,"location":null,"numPassingAsserts":1,"retryReasons":[],"startAt":1782923648384,"status":"passed","title":"should return undefined for unknown role"},{"ancestorTitles":["hasPermission"],"duration":2,"failing":false,"failureDetails":[],"failureMessages":[],"fullName":"hasPermission should return true when user has the permission","invocations":1,"location":null,"numPassingAsserts":4,"retryReasons":[],"startAt":1782923648386,"status":"passed","title":"should return true when user has the permission"},{"ancestorTitles":["hasPermission"],"duration":2,"failing":false,"failureDetails":[],"failureMessages":[],"fullName":"hasPermission should return false when user lacks the permission","invocations":1,"location":null,"numPassingAsserts":3,"retryReasons":[],"startAt":1782923648388,"status":"passed","title":"should return false when user lacks the permission"},{"ancestorTitles":["hasPermission"],"duration":1,"failing":false,"failureDetails":[],"failureMessages":[],"fullName":"hasPermission should return false for null user","invocations":1,"location":null,"numPassingAsserts":1,"retryReasons":[],"startAt":1782923648390,"status":"passed","title":"should return false for null user"},{"ancestorTitles":["hasAnyPermission"],"duration":1,"failing":false,"failureDetails":[],"failureMessages":[],"fullName":"hasAnyPermission should return true when user has at least one permission","invocations":1,"location":null,"numPassingAsserts":2,"retryReasons":[],"startAt":1782923648391,"status":"passed","title":"should return true when user has at least one permission"},{"ancestorTitles":["hasAnyPermission"],"duration":0,"failing":false,"failureDetails":[],"failureMessages":[],"fullName":"hasAnyPermission should return false when user has none of the permissions","invocations":1,"location":null,"numPassingAsserts":1,"retryReasons":[],"startAt":1782923648393,"status":"passed","title":"should return false when user has none of the permissions"},{"ancestorTitles":["hasAnyPermission"],"duration":0,"failing":false,"failureDetails":[],"failureMessages":[],"fullName":"hasAnyPermission should return false for empty permissions array","invocations":1,"location":null,"numPassingAsserts":1,"retryReasons":[],"startAt":1782923648394,"status":"passed","title":"should return false for empty permissions array"},{"ancestorTitles":["hasAnyPermission"],"duration":0,"failing":false,"failureDetails":[],"failureMessages":[],"fullName":"hasAnyPermission should return false for null user","invocations":1,"location":null,"numPassingAsserts":1,"retryReasons":[],"startAt":1782923648395,"status":"passed","title":"should return false for null user"},{"ancestorTitles":["hasAllPermissions"],"duration":1,"failing":false,"failureDetails":[],"failureMessages":[],"fullName":"hasAllPermissions should return true when user has all permissions","invocations":1,"location":null,"numPassingAsserts":2,"retryReasons":[],"startAt":1782923648395,"status":"passed","title":"should return true when user has all permissions"},{"ancestorTitles":["hasAllPermissions"],"duration":1,"failing":false,"failureDetails":[],"failureMessages":[],"fullName":"hasAllPermissions should return false when user is missing any permission","invocations":1,"location":null,"numPassingAsserts":2,"retryReasons":[],"startAt":1782923648397,"status":"passed","title":"should return false when user is missing any permission"},{"ancestorTitles":["hasAllPermissions"],"duration":0,"failing":false,"failureDetails":[],"failureMessages":[],"fullName":"hasAllPermissions should return true for empty permissions array","invocations":1,"location":null,"numPassingAsserts":1,"retryReasons":[],"startAt":1782923648398,"status":"passed","title":"should return true for empty permissions array"},{"ancestorTitles":["hasAllPermissions"],"duration":0,"failing":false,"failureDetails":[],"failureMessages":[],"fullName":"hasAllPermissions should return false for null user","invocations":1,"location":null,"numPassingAsserts":1,"retryReasons":[],"startAt":1782923648399,"status":"passed","title":"should return false for null user"},{"ancestorTitles":["isPublicRoute"],"duration":2,"failing":false,"failureDetails":[],"failureMessages":[],"fullName":"isPublicRoute should return true for exact public route paths","invocations":1,"location":null,"numPassingAsserts":9,"retryReasons":[],"startAt":1782923648400,"status":"passed","title":"should return true for exact public route paths"},{"ancestorTitles":["isPublicRoute"],"duration":1,"failing":false,"failureDetails":[],"failureMessages":[],"fullName":"isPublicRoute should return true for subpaths of public routes","invocations":1,"location":null,"numPassingAsserts":2,"retryReasons":[],"startAt":1782923648402,"status":"passed","title":"should return true for subpaths of public routes"},{"ancestorTitles":["isPublicRoute"],"duration":2,"failing":false,"failureDetails":[],"failureMessages":[],"fullName":"isPublicRoute should return false for non-public routes","invocations":1,"location":null,"numPassingAsserts":5,"retryReasons":[],"startAt":1782923648403,"status":"passed","title":"should return false for non-public routes"},{"ancestorTitles":["isPublicRoute"],"duration":1,"failing":false,"failureDetails":[],"failureMessages":[],"fullName":"isPublicRoute should return false for similar looking but not matching routes","invocations":1,"location":null,"numPassingAsserts":2,"retryReasons":[],"startAt":1782923648405,"status":"passed","title":"should return false for similar looking but not matching routes"},{"ancestorTitles":["getRequiredPermissionsForRoute"],"duration":3,"failing":false,"failureDetails":[],"failureMessages":[],"fullName":"getRequiredPermissionsForRoute should return permissions for exact matching route","invocations":1,"location":null,"numPassingAsserts":1,"retryReasons":[],"startAt":1782923648406,"status":"passed","title":"should return permissions for exact matching route"},{"ancestorTitles":["getRequiredPermissionsForRoute"],"duration":1,"failing":false,"failureDetails":[],"failureMessages":[],"fullName":"getRequiredPermissionsForRoute should return permissions for matching subpath","invocations":1,"location":null,"numPassingAsserts":1,"retryReasons":[],"startAt":1782923648409,"status":"passed","title":"should return permissions for matching subpath"},{"ancestorTitles":["getRequiredPermissionsForRoute"],"duration":1,"failing":false,"failureDetails":[],"failureMessages":[],"fullName":"getRequiredPermissionsForRoute should return permissions for nested subpaths","invocations":1,"location":null,"numPassingAsserts":1,"retryReasons":[],"startAt":1782923648410,"status":"passed","title":"should return permissions for nested subpaths"},{"ancestorTitles":["getRequiredPermissionsForRoute"],"duration":2,"failing":false,"failureDetails":[],"failureMessages":[],"fullName":"getRequiredPermissionsForRoute should return permissions for admin sub-routes","invocations":1,"location":null,"numPassingAsserts":4,"retryReasons":[],"startAt":1782923648411,"status":"passed","title":"should return permissions for admin sub-routes"},{"ancestorTitles":["getRequiredPermissionsForRoute"],"duration":1,"failing":false,"failureDetails":[],"failureMessages":[],"fullName":"getRequiredPermissionsForRoute should return permissions for officer route","invocations":1,"location":null,"numPassingAsserts":2,"retryReasons":[],"startAt":1782923648413,"status":"passed","title":"should return permissions for officer route"},{"ancestorTitles":["getRequiredPermissionsForRoute"],"duration":0,"failing":false,"failureDetails":[],"failureMessages":[],"fullName":"getRequiredPermissionsForRoute should return null for routes without required permissions","invocations":1,"location":null,"numPassingAsserts":2,"retryReasons":[],"startAt":1782923648415,"status":"passed","title":"should return null for routes without required permissions"},{"ancestorTitles":["getRequiredPermissionsForRoute"],"duration":0,"failing":false,"failureDetails":[],"failureMessages":[],"fullName":"getRequiredPermissionsForRoute should return null for public routes","invocations":1,"location":null,"numPassingAsserts":2,"retryReasons":[],"startAt":1782923648416,"status":"passed","title":"should return null for public routes"},{"ancestorTitles":["canAccessRoute"],"duration":1,"failing":false,"failureDetails":[],"failureMessages":[],"fullName":"canAccessRoute should allow access to public routes for null user","invocations":1,"location":null,"numPassingAsserts":3,"retryReasons":[],"startAt":1782923648416,"status":"passed","title":"should allow access to public routes for null user"},{"ancestorTitles":["canAccessRoute"],"duration":6,"failing":false,"failureDetails":[],"failureMessages":[],"fullName":"canAccessRoute should allow access to public routes for any user","invocations":1,"location":null,"numPassingAsserts":3,"retryReasons":[],"startAt":1782923648418,"status":"passed","title":"should allow access to public routes for any user"},{"ancestorTitles":["canAccessRoute"],"duration":1,"failing":false,"failureDetails":[],"failureMessages":[],"fullName":"canAccessRoute should allow access to routes with no required permissions","invocations":1,"location":null,"numPassingAsserts":2,"retryReasons":[],"startAt":1782923648424,"status":"passed","title":"should allow access to routes with no required permissions"},{"ancestorTitles":["canAccessRoute"],"duration":1,"failing":false,"failureDetails":[],"failureMessages":[],"fullName":"canAccessRoute should deny access to protected route when user lacks permissions","invocations":1,"location":null,"numPassingAsserts":3,"retryReasons":[],"startAt":1782923648425,"status":"passed","title":"should deny access to protected route when user lacks permissions"},{"ancestorTitles":["canAccessRoute"],"duration":1,"failing":false,"failureDetails":[],"failureMessages":[],"fullName":"canAccessRoute should allow access to protected route when user has permissions","invocations":1,"location":null,"numPassingAsserts":5,"retryReasons":[],"startAt":1782923648426,"status":"passed","title":"should allow access to protected route when user has permissions"},{"ancestorTitles":["canAccessRoute"],"duration":1,"failing":false,"failureDetails":[],"failureMessages":[],"fullName":"canAccessRoute should deny access for null user to protected routes","invocations":1,"location":null,"numPassingAsserts":3,"retryReasons":[],"startAt":1782923648427,"status":"passed","title":"should deny access for null user to protected routes"},{"ancestorTitles":["canAccessRoute"],"duration":1,"failing":false,"failureDetails":[],"failureMessages":[],"fullName":"canAccessRoute should allow citizen to access their own routes","invocations":1,"location":null,"numPassingAsserts":4,"retryReasons":[],"startAt":1782923648428,"status":"passed","title":"should allow citizen to access their own routes"},{"ancestorTitles":["Role hierarchy"],"duration":4,"failing":false,"failureDetails":[],"failureMessages":[],"fullName":"Role hierarchy super_admin should have all admin permissions plus admin:roles_manage","invocations":1,"location":null,"numPassingAsserts":21,"retryReasons":[],"startAt":1782923648429,"status":"passed","title":"super_admin should have all admin permissions plus admin:roles_manage"},{"ancestorTitles":["Role hierarchy"],"duration":1,"failing":false,"failureDetails":[],"failureMessages":[],"fullName":"Role hierarchy citizen should not have officer/admin permissions","invocations":1,"location":null,"numPassingAsserts":3,"retryReasons":[],"startAt":1782923648433,"status":"passed","title":"citizen should not have officer/admin permissions"},{"ancestorTitles":["Role hierarchy"],"duration":1,"failing":false,"failureDetails":[],"failureMessages":[],"fullName":"Role hierarchy officer should have report:resolve but not offline assistant","invocations":1,"location":null,"numPassingAsserts":3,"retryReasons":[],"startAt":1782923648434,"status":"passed","title":"officer should have report:resolve but not offline assistant"},{"ancestorTitles":["Role hierarchy"],"duration":0,"failing":false,"failureDetails":[],"failureMessages":[],"fullName":"Role hierarchy admin should not have admin:roles_manage","invocations":1,"location":null,"numPassingAsserts":1,"retryReasons":[],"startAt":1782923648435,"status":"passed","title":"admin should not have admin:roles_manage"},{"ancestorTitles":["Role hierarchy"],"duration":1,"failing":false,"failureDetails":[],"failureMessages":[],"fullName":"Role hierarchy all roles should have emergency:sos","invocations":1,"location":null,"numPassingAsserts":4,"retryReasons":[],"startAt":1782923648435,"status":"passed","title":"all roles should have emergency:sos"},{"ancestorTitles":["Edge cases"],"duration":0,"failing":false,"failureDetails":[],"failureMessages":[],"fullName":"Edge cases should handle user with empty permissions array","invocations":1,"location":null,"numPassingAsserts":3,"retryReasons":[],"startAt":1782923648437,"status":"passed","title":"should handle user with empty permissions array"},{"ancestorTitles":["Edge cases"],"duration":33,"failing":false,"failureDetails":[],"failureMessages":[],"fullName":"Edge cases should throw if permissions property is missing","invocations":1,"location":null,"numPassingAsserts":1,"retryReasons":[],"startAt":1782923648438,"status":"passed","title":"should throw if permissions property is missing"},{"ancestorTitles":["Edge cases"],"duration":1,"failing":false,"failureDetails":[],"failureMessages":[],"fullName":"Edge cases hasPermission should be case sensitive for permission names","invocations":1,"location":null,"numPassingAsserts":2,"retryReasons":[],"startAt":1782923648471,"status":"passed","title":"hasPermission should be case sensitive for permission names"},{"ancestorTitles":["Edge cases"],"duration":1,"failing":false,"failureDetails":[],"failureMessages":[],"fullName":"Edge cases canAccessRoute should handle empty pathname","invocations":1,"location":null,"numPassingAsserts":2,"retryReasons":[],"startAt":1782923648472,"status":"passed","title":"canAccessRoute should handle empty pathname"},{"ancestorTitles":["Edge cases"],"duration":1,"failing":false,"failureDetails":[],"failureMessages":[],"fullName":"Edge cases getPermissionsForRole should handle invalid role input","invocations":1,"location":null,"numPassingAsserts":2,"retryReasons":[],"startAt":1782923648473,"status":"passed","title":"getPermissionsForRole should handle invalid role input"},{"ancestorTitles":["Edge cases"],"duration":1,"failing":false,"failureDetails":[],"failureMessages":[],"fullName":"Edge cases public routes constant should not be mutated by isPublicRoute","invocations":1,"location":null,"numPassingAsserts":2,"retryReasons":[],"startAt":1782923648474,"status":"passed","title":"public routes constant should not be mutated by isPublicRoute"},{"ancestorTitles":["Edge cases"],"duration":1,"failing":false,"failureDetails":[],"failureMessages":[],"fullName":"Edge cases multiple permissions check should work with overlapping roles","invocations":1,"location":null,"numPassingAsserts":2,"retryReasons":[],"startAt":1782923648475,"status":"passed","title":"multiple permissions check should work with overlapping roles"},{"ancestorTitles":["null user guards"],"duration":0,"failing":false,"failureDetails":[],"failureMessages":[],"fullName":"null user guards hasPermission should handle null","invocations":1,"location":null,"numPassingAsserts":1,"retryReasons":[],"startAt":1782923648476,"status":"passed","title":"hasPermission should handle null"},{"ancestorTitles":["null user guards"],"duration":0,"failing":false,"failureDetails":[],"failureMessages":[],"fullName":"null user guards hasAnyPermission should handle null","invocations":1,"location":null,"numPassingAsserts":1,"retryReasons":[],"startAt":1782923648477,"status":"passed","title":"hasAnyPermission should handle null"},{"ancestorTitles":["null user guards"],"duration":1,"failing":false,"failureDetails":[],"failureMessages":[],"fullName":"null user guards hasAllPermissions should handle null","invocations":1,"location":null,"numPassingAsserts":1,"retryReasons":[],"startAt":1782923648477,"status":"passed","title":"hasAllPermissions should handle null"},{"ancestorTitles":["null user guards"],"duration":1,"failing":false,"failureDetails":[],"failureMessages":[],"fullName":"null user guards canAccessRoute should handle null for protected routes","invocations":1,"location":null,"numPassingAsserts":1,"retryReasons":[],"startAt":1782923648478,"status":"passed","title":"canAccessRoute should handle null for protected routes"},{"ancestorTitles":["null user guards"],"duration":0,"failing":false,"failureDetails":[],"failureMessages":[],"fullName":"null user guards canAccessRoute should handle null for public routes","invocations":1,"location":null,"numPassingAsserts":1,"retryReasons":[],"startAt":1782923648479,"status":"passed","title":"canAccessRoute should handle null for public routes"}],"endTime":1782923648485,"message":"","name":"C:\\Hackathons\\IITM\\SafeVixAI\\frontend\\lib\\auth\\__tests__\\roles.test.ts","startTime":1782923646069,"status":"passed","summary":""},{"assertionResults":[{"ancestorTitles":["api"],"duration":159,"failing":false,"failureDetails":[],"failureMessages":[],"fullName":"api fetchCsrfToken returns token on success","invocations":1,"location":null,"numPassingAsserts":1,"retryReasons":[],"startAt":1782923648298,"status":"passed","title":"fetchCsrfToken returns token on success"},{"ancestorTitles":["api"],"duration":3,"failing":false,"failureDetails":[],"failureMessages":[],"fullName":"api fetchCsrfToken returns null on non-ok","invocations":1,"location":null,"numPassingAsserts":1,"retryReasons":[],"startAt":1782923648468,"status":"passed","title":"fetchCsrfToken returns null on non-ok"},{"ancestorTitles":["api"],"duration":2,"failing":false,"failureDetails":[],"failureMessages":[],"fullName":"api fetchCsrfToken returns null on error","invocations":1,"location":null,"numPassingAsserts":1,"retryReasons":[],"startAt":1782923648471,"status":"passed","title":"fetchCsrfToken returns null on error"},{"ancestorTitles":["api"],"duration":3,"failing":false,"failureDetails":[],"failureMessages":[],"fullName":"api setCsrfToken sets the token","invocations":1,"location":null,"numPassingAsserts":2,"retryReasons":[],"startAt":1782923648473,"status":"passed","title":"setCsrfToken sets the token"},{"ancestorTitles":["api"],"duration":2,"failing":false,"failureDetails":[],"failureMessages":[],"fullName":"api extractApiError extracts axios error message","invocations":1,"location":null,"numPassingAsserts":2,"retryReasons":[],"startAt":1782923648476,"status":"passed","title":"extractApiError extracts axios error message"},{"ancestorTitles":["api"],"duration":1,"failing":false,"failureDetails":[],"failureMessages":[],"fullName":"api extractApiError handles array detail","invocations":1,"location":null,"numPassingAsserts":1,"retryReasons":[],"startAt":1782923648479,"status":"passed","title":"extractApiError handles array detail"},{"ancestorTitles":["api"],"duration":1,"failing":false,"failureDetails":[],"failureMessages":[],"fullName":"api extractApiError handles non-axios error","invocations":1,"location":null,"numPassingAsserts":1,"retryReasons":[],"startAt":1782923648481,"status":"passed","title":"extractApiError handles non-axios error"},{"ancestorTitles":["api"],"duration":1,"failing":false,"failureDetails":[],"failureMessages":[],"fullName":"api extractApiError handles unknown error","invocations":1,"location":null,"numPassingAsserts":1,"retryReasons":[],"startAt":1782923648482,"status":"passed","title":"extractApiError handles unknown error"},{"ancestorTitles":["api"],"duration":6,"failing":false,"failureDetails":[],"failureMessages":[],"fullName":"api fetchNearbyServices returns normalized response","invocations":1,"location":null,"numPassingAsserts":6,"retryReasons":[],"startAt":1782923648483,"status":"passed","title":"fetchNearbyServices returns normalized response"},{"ancestorTitles":["api"],"duration":3,"failing":false,"failureDetails":[],"failureMessages":[],"fullName":"api fetchNearbyServices handles comma-separated categories","invocations":1,"location":null,"numPassingAsserts":1,"retryReasons":[],"startAt":1782923648490,"status":"passed","title":"fetchNearbyServices handles comma-separated categories"},{"ancestorTitles":["api"],"duration":2,"failing":false,"failureDetails":[],"failureMessages":[],"fullName":"api fetchSosPayload returns sos response","invocations":1,"location":null,"numPassingAsserts":2,"retryReasons":[],"startAt":1782923648493,"status":"passed","title":"fetchSosPayload returns sos response"},{"ancestorTitles":["api"],"duration":2,"failing":false,"failureDetails":[],"failureMessages":[],"fullName":"api triggerSos sends POST","invocations":1,"location":null,"numPassingAsserts":2,"retryReasons":[],"startAt":1782923648496,"status":"passed","title":"triggerSos sends POST"},{"ancestorTitles":["api"],"duration":2,"failing":false,"failureDetails":[],"failureMessages":[],"fullName":"api fetchEmergencyNumbers returns numbers","invocations":1,"location":null,"numPassingAsserts":1,"retryReasons":[],"startAt":1782923648498,"status":"passed","title":"fetchEmergencyNumbers returns numbers"},{"ancestorTitles":["api"],"duration":2,"failing":false,"failureDetails":[],"failureMessages":[],"fullName":"api reverseGeocode returns displayName","invocations":1,"location":null,"numPassingAsserts":1,"retryReasons":[],"startAt":1782923648500,"status":"passed","title":"reverseGeocode returns displayName"},{"ancestorTitles":["api"],"duration":2,"failing":false,"failureDetails":[],"failureMessages":[],"fullName":"api searchGeocode returns results","invocations":1,"location":null,"numPassingAsserts":2,"retryReasons":[],"startAt":1782923648502,"status":"passed","title":"searchGeocode returns results"},{"ancestorTitles":["api"],"duration":1,"failing":false,"failureDetails":[],"failureMessages":[],"fullName":"api fetchRoadIssues returns issues","invocations":1,"location":null,"numPassingAsserts":2,"retryReasons":[],"startAt":1782923648505,"status":"passed","title":"fetchRoadIssues returns issues"},{"ancestorTitles":["api"],"duration":1,"failing":false,"failureDetails":[],"failureMessages":[],"fullName":"api fetchAuthorityPreview returns normalised data","invocations":1,"location":null,"numPassingAsserts":2,"retryReasons":[],"startAt":1782923648507,"status":"passed","title":"fetchAuthorityPreview returns normalised data"},{"ancestorTitles":["api"],"duration":59,"failing":false,"failureDetails":[],"failureMessages":[],"fullName":"api submitReport throws without issue_type","invocations":1,"location":null,"numPassingAsserts":1,"retryReasons":[],"startAt":1782923648509,"status":"passed","title":"submitReport throws without issue_type"},{"ancestorTitles":["api"],"duration":4,"failing":false,"failureDetails":[],"failureMessages":[],"fullName":"api submitReport sends FormData","invocations":1,"location":null,"numPassingAsserts":2,"retryReasons":[],"startAt":1782923648568,"status":"passed","title":"submitReport sends FormData"},{"ancestorTitles":["api"],"duration":3,"failing":false,"failureDetails":[],"failureMessages":[],"fullName":"api submitReport handles photo upload","invocations":1,"location":null,"numPassingAsserts":1,"retryReasons":[],"startAt":1782923648573,"status":"passed","title":"submitReport handles photo upload"},{"ancestorTitles":["api"],"duration":1,"failing":false,"failureDetails":[],"failureMessages":[],"fullName":"api sendChatMessage sends to chatbot","invocations":1,"location":null,"numPassingAsserts":1,"retryReasons":[],"startAt":1782923648576,"status":"passed","title":"sendChatMessage sends to chatbot"},{"ancestorTitles":["api"],"duration":2,"failing":false,"failureDetails":[],"failureMessages":[],"fullName":"api calculateChallan queries online API","invocations":1,"location":null,"numPassingAsserts":2,"retryReasons":[],"startAt":1782923648577,"status":"passed","title":"calculateChallan queries online API"},{"ancestorTitles":["api"],"duration":1,"failing":false,"failureDetails":[],"failureMessages":[],"fullName":"api calculateChallan falls back to offline on API error","invocations":1,"location":null,"numPassingAsserts":2,"retryReasons":[],"startAt":1782923648579,"status":"passed","title":"calculateChallan falls back to offline on API error"},{"ancestorTitles":["api"],"duration":25,"failing":false,"failureDetails":[],"failureMessages":[],"fullName":"api calculateChallan throws when both API and offline fail","invocations":1,"location":null,"numPassingAsserts":2,"retryReasons":[],"startAt":1782923648581,"status":"passed","title":"calculateChallan throws when both API and offline fail"},{"ancestorTitles":["api"],"duration":2,"failing":false,"failureDetails":[],"failureMessages":[],"fullName":"api client has interceptors configured","invocations":1,"location":null,"numPassingAsserts":2,"retryReasons":[],"startAt":1782923648606,"status":"passed","title":"client has interceptors configured"},{"ancestorTitles":["api"],"duration":1,"failing":false,"failureDetails":[],"failureMessages":[],"fullName":"api extractApiError handles error with error_code","invocations":1,"location":null,"numPassingAsserts":1,"retryReasons":[],"startAt":1782923648608,"status":"passed","title":"extractApiError handles error with error_code"},{"ancestorTitles":["api"],"duration":2,"failing":false,"failureDetails":[],"failureMessages":[],"fullName":"api fetchMunicipalities returns municipalities","invocations":1,"location":null,"numPassingAsserts":2,"retryReasons":[],"startAt":1782923648609,"status":"passed","title":"fetchMunicipalities returns municipalities"},{"ancestorTitles":["api"],"duration":1,"failing":false,"failureDetails":[],"failureMessages":[],"fullName":"api fetchMunicipalities handles data.items fallback","invocations":1,"location":null,"numPassingAsserts":1,"retryReasons":[],"startAt":1782923648611,"status":"passed","title":"fetchMunicipalities handles data.items fallback"},{"ancestorTitles":["api"],"duration":1,"failing":false,"failureDetails":[],"failureMessages":[],"fullName":"api fetchMunicipalities handles search params","invocations":1,"location":null,"numPassingAsserts":1,"retryReasons":[],"startAt":1782923648612,"status":"passed","title":"fetchMunicipalities handles search params"},{"ancestorTitles":["api"],"duration":13,"failing":false,"failureDetails":[],"failureMessages":[],"fullName":"api fetchMunicipalityBySlug returns detail","invocations":1,"location":null,"numPassingAsserts":2,"retryReasons":[],"startAt":1782923648614,"status":"passed","title":"fetchMunicipalityBySlug returns detail"},{"ancestorTitles":["api"],"duration":2,"failing":false,"failureDetails":[],"failureMessages":[],"fullName":"api fetchNearbyMunicipalities returns list","invocations":1,"location":null,"numPassingAsserts":1,"retryReasons":[],"startAt":1782923648627,"status":"passed","title":"fetchNearbyMunicipalities returns list"},{"ancestorTitles":["api"],"duration":4,"failing":false,"failureDetails":[],"failureMessages":[],"fullName":"api authorityAcceptComplaint posts to accept","invocations":1,"location":null,"numPassingAsserts":1,"retryReasons":[],"startAt":1782923648630,"status":"passed","title":"authorityAcceptComplaint posts to accept"},{"ancestorTitles":["api"],"duration":1,"failing":false,"failureDetails":[],"failureMessages":[],"fullName":"api authorityRejectComplaint posts with reason","invocations":1,"location":null,"numPassingAsserts":1,"retryReasons":[],"startAt":1782923648635,"status":"passed","title":"authorityRejectComplaint posts with reason"},{"ancestorTitles":["api"],"duration":1,"failing":false,"failureDetails":[],"failureMessages":[],"fullName":"api citizenConfirmResolution posts with rating","invocations":1,"location":null,"numPassingAsserts":1,"retryReasons":[],"startAt":1782923648636,"status":"passed","title":"citizenConfirmResolution posts with rating"},{"ancestorTitles":["api"],"duration":1,"failing":false,"failureDetails":[],"failureMessages":[],"fullName":"api citizenRejectResolution posts with reason","invocations":1,"location":null,"numPassingAsserts":1,"retryReasons":[],"startAt":1782923648637,"status":"passed","title":"citizenRejectResolution posts with reason"},{"ancestorTitles":["api"],"duration":1,"failing":false,"failureDetails":[],"failureMessages":[],"fullName":"api syncGarage posts vehicle","invocations":1,"location":null,"numPassingAsserts":1,"retryReasons":[],"startAt":1782923648639,"status":"passed","title":"syncGarage posts vehicle"},{"ancestorTitles":["api"],"duration":3,"failing":false,"failureDetails":[],"failureMessages":[],"fullName":"api syncGarage posts without vehicle","invocations":1,"location":null,"numPassingAsserts":1,"retryReasons":[],"startAt":1782923648640,"status":"passed","title":"syncGarage posts without vehicle"},{"ancestorTitles":["api"],"duration":1,"failing":false,"failureDetails":[],"failureMessages":[],"fullName":"api draftDisputeAppeal posts dispute","invocations":1,"location":null,"numPassingAsserts":1,"retryReasons":[],"startAt":1782923648643,"status":"passed","title":"draftDisputeAppeal posts dispute"},{"ancestorTitles":["api"],"duration":1,"failing":false,"failureDetails":[],"failureMessages":[],"fullName":"api predictFineLiability posts prediction request","invocations":1,"location":null,"numPassingAsserts":1,"retryReasons":[],"startAt":1782923648644,"status":"passed","title":"predictFineLiability posts prediction request"},{"ancestorTitles":["api"],"duration":1,"failing":false,"failureDetails":[],"failureMessages":[],"fullName":"api fetchPublicStats fetches stats","invocations":1,"location":null,"numPassingAsserts":1,"retryReasons":[],"startAt":1782923648646,"status":"passed","title":"fetchPublicStats fetches stats"},{"ancestorTitles":["api"],"duration":1,"failing":false,"failureDetails":[],"failureMessages":[],"fullName":"api fetchPublicWardRankings fetches rankings","invocations":1,"location":null,"numPassingAsserts":1,"retryReasons":[],"startAt":1782923648647,"status":"passed","title":"fetchPublicWardRankings fetches rankings"},{"ancestorTitles":["api"],"duration":2,"failing":false,"failureDetails":[],"failureMessages":[],"fullName":"api fieldStartWork posts start-work","invocations":1,"location":null,"numPassingAsserts":1,"retryReasons":[],"startAt":1782923648648,"status":"passed","title":"fieldStartWork posts start-work"},{"ancestorTitles":["api"],"duration":1,"failing":false,"failureDetails":[],"failureMessages":[],"fullName":"api fieldCompleteWork posts complete with photo","invocations":1,"location":null,"numPassingAsserts":1,"retryReasons":[],"startAt":1782923648650,"status":"passed","title":"fieldCompleteWork posts complete with photo"},{"ancestorTitles":["api"],"duration":1,"failing":false,"failureDetails":[],"failureMessages":[],"fullName":"api fieldCompleteWork posts complete without photo","invocations":1,"location":null,"numPassingAsserts":1,"retryReasons":[],"startAt":1782923648651,"status":"passed","title":"fieldCompleteWork posts complete without photo"},{"ancestorTitles":["api"],"duration":3,"failing":false,"failureDetails":[],"failureMessages":[],"fullName":"api fieldUploadEvidence posts FormData","invocations":1,"location":null,"numPassingAsserts":1,"retryReasons":[],"startAt":1782923648652,"status":"passed","title":"fieldUploadEvidence posts FormData"},{"ancestorTitles":["api"],"duration":1,"failing":false,"failureDetails":[],"failureMessages":[],"fullName":"api fetchRoadInfrastructure returns infrastructure","invocations":1,"location":null,"numPassingAsserts":1,"retryReasons":[],"startAt":1782923648655,"status":"passed","title":"fetchRoadInfrastructure returns infrastructure"},{"ancestorTitles":["api"],"duration":3,"failing":false,"failureDetails":[],"failureMessages":[],"fullName":"api fetchRoutePreview returns route","invocations":1,"location":null,"numPassingAsserts":4,"retryReasons":[],"startAt":1782923648656,"status":"passed","title":"fetchRoutePreview returns route"},{"ancestorTitles":["api"],"duration":1,"failing":false,"failureDetails":[],"failureMessages":[],"fullName":"api sendChatMessage sends message via chatbotClient","invocations":1,"location":null,"numPassingAsserts":2,"retryReasons":[],"startAt":1782923648660,"status":"passed","title":"sendChatMessage sends message via chatbotClient"},{"ancestorTitles":["api"],"duration":1,"failing":false,"failureDetails":[],"failureMessages":[],"fullName":"api sendChatMessage sends without session_id","invocations":1,"location":null,"numPassingAsserts":2,"retryReasons":[],"startAt":1782923648661,"status":"passed","title":"sendChatMessage sends without session_id"},{"ancestorTitles":["api"],"duration":2,"failing":false,"failureDetails":[],"failureMessages":[],"fullName":"api request interceptor adds auth and language headers","invocations":1,"location":null,"numPassingAsserts":4,"retryReasons":[],"startAt":1782923648663,"status":"passed","title":"request interceptor adds auth and language headers"},{"ancestorTitles":["api"],"duration":3,"failing":false,"failureDetails":[],"failureMessages":[],"fullName":"api request interceptor omits Authorization when no token","invocations":1,"location":null,"numPassingAsserts":1,"retryReasons":[],"startAt":1782923648665,"status":"passed","title":"request interceptor omits Authorization when no token"},{"ancestorTitles":["api"],"duration":9,"failing":false,"failureDetails":[],"failureMessages":[],"fullName":"api warming interceptor sets and clears timers via request/response","invocations":1,"location":null,"numPassingAsserts":2,"retryReasons":[],"startAt":1782923648668,"status":"passed","title":"warming interceptor sets and clears timers via request/response"},{"ancestorTitles":["api"],"duration":3,"failing":false,"failureDetails":[],"failureMessages":[],"fullName":"api warming timer fires setServerWarming(true) after 5s","invocations":1,"location":null,"numPassingAsserts":1,"retryReasons":[],"startAt":1782923648677,"status":"passed","title":"warming timer fires setServerWarming(true) after 5s"},{"ancestorTitles":["api"],"duration":2,"failing":false,"failureDetails":[],"failureMessages":[],"fullName":"api warming error handler clears timer and rejects","invocations":1,"location":null,"numPassingAsserts":1,"retryReasons":[],"startAt":1782923648681,"status":"passed","title":"warming error handler clears timer and rejects"},{"ancestorTitles":["api"],"duration":1,"failing":false,"failureDetails":[],"failureMessages":[],"fullName":"api retry interceptor passes through successful responses","invocations":1,"location":null,"numPassingAsserts":1,"retryReasons":[],"startAt":1782923648683,"status":"passed","title":"retry interceptor passes through successful responses"},{"ancestorTitles":["api"],"duration":2,"failing":false,"failureDetails":[],"failureMessages":[],"fullName":"api chatbotClient request interceptor adds CSRF and auth headers","invocations":1,"location":null,"numPassingAsserts":3,"retryReasons":[],"startAt":1782923648684,"status":"passed","title":"chatbotClient request interceptor adds CSRF and auth headers"},{"ancestorTitles":["api"],"duration":1,"failing":false,"failureDetails":[],"failureMessages":[],"fullName":"api global error toast interceptor passes through successful responses","invocations":1,"location":null,"numPassingAsserts":1,"retryReasons":[],"startAt":1782923648687,"status":"passed","title":"global error toast interceptor passes through successful responses"},{"ancestorTitles":["api"],"duration":1,"failing":false,"failureDetails":[],"failureMessages":[],"fullName":"api retry indicator interceptor dismisses toast on success","invocations":1,"location":null,"numPassingAsserts":1,"retryReasons":[],"startAt":1782923648688,"status":"passed","title":"retry indicator interceptor dismisses toast on success"},{"ancestorTitles":["api"],"duration":1,"failing":false,"failureDetails":[],"failureMessages":[],"fullName":"api retry indicator interceptor passes through error on retry","invocations":1,"location":null,"numPassingAsserts":1,"retryReasons":[],"startAt":1782923648689,"status":"passed","title":"retry indicator interceptor passes through error on retry"},{"ancestorTitles":["api"],"duration":3,"failing":false,"failureDetails":[],"failureMessages":[],"fullName":"api retry interceptor retries on network error","invocations":1,"location":null,"numPassingAsserts":1,"retryReasons":[],"startAt":1782923648690,"status":"passed","title":"retry interceptor retries on network error"},{"ancestorTitles":["api"],"duration":1,"failing":false,"failureDetails":[],"failureMessages":[],"fullName":"api retry interceptor does not retry after max retries","invocations":1,"location":null,"numPassingAsserts":1,"retryReasons":[],"startAt":1782923648693,"status":"passed","title":"retry interceptor does not retry after max retries"},{"ancestorTitles":["api"],"duration":1,"failing":false,"failureDetails":[],"failureMessages":[],"fullName":"api retry interceptor does not retry on 4xx error","invocations":1,"location":null,"numPassingAsserts":1,"retryReasons":[],"startAt":1782923648694,"status":"passed","title":"retry interceptor does not retry on 4xx error"},{"ancestorTitles":["api"],"duration":2,"failing":false,"failureDetails":[],"failureMessages":[],"fullName":"api error toast interceptor shows toast on network error","invocations":1,"location":null,"numPassingAsserts":1,"retryReasons":[],"startAt":1782923648695,"status":"passed","title":"error toast interceptor shows toast on network error"},{"ancestorTitles":["api"],"duration":1,"failing":false,"failureDetails":[],"failureMessages":[],"fullName":"api error toast interceptor shows toast on 5xx error","invocations":1,"location":null,"numPassingAsserts":1,"retryReasons":[],"startAt":1782923648697,"status":"passed","title":"error toast interceptor shows toast on 5xx error"},{"ancestorTitles":["api"],"duration":1,"failing":false,"failureDetails":[],"failureMessages":[],"fullName":"api normalizeEmergencyService converts raw service","invocations":1,"location":null,"numPassingAsserts":2,"retryReasons":[],"startAt":1782923648698,"status":"passed","title":"normalizeEmergencyService converts raw service"},{"ancestorTitles":["api"],"duration":1,"failing":false,"failureDetails":[],"failureMessages":[],"fullName":"api normalizeGeocodeResult handles reverse geocode","invocations":1,"location":null,"numPassingAsserts":1,"retryReasons":[],"startAt":1782923648700,"status":"passed","title":"normalizeGeocodeResult handles reverse geocode"},{"ancestorTitles":["api"],"duration":1,"failing":false,"failureDetails":[],"failureMessages":[],"fullName":"api normalizeGeocodeResult handles search geocode","invocations":1,"location":null,"numPassingAsserts":1,"retryReasons":[],"startAt":1782923648701,"status":"passed","title":"normalizeGeocodeResult handles search geocode"},{"ancestorTitles":["api"],"duration":1,"failing":false,"failureDetails":[],"failureMessages":[],"fullName":"api normalizeRoadIssue maps fields correctly","invocations":1,"location":null,"numPassingAsserts":2,"retryReasons":[],"startAt":1782923648703,"status":"passed","title":"normalizeRoadIssue maps fields correctly"},{"ancestorTitles":["api"],"duration":2,"failing":false,"failureDetails":[],"failureMessages":[],"fullName":"api normalizeInfrastructure maps data","invocations":1,"location":null,"numPassingAsserts":2,"retryReasons":[],"startAt":1782923648704,"status":"passed","title":"normalizeInfrastructure maps data"}],"endTime":1782923648714,"message":"","name":"C:\\Hackathons\\IITM\\SafeVixAI\\frontend\\lib\\__tests__\\api.test.ts","startTime":1782923645969,"status":"passed","summary":""},{"assertionResults":[{"ancestorTitles":["offline-sos-queue"],"duration":120,"failing":false,"failureDetails":[],"failureMessages":[],"fullName":"offline-sos-queue initDB returns a promise in browser environment","invocations":1,"location":null,"numPassingAsserts":1,"retryReasons":[],"startAt":1782923648478,"status":"passed","title":"initDB returns a promise in browser environment"},{"ancestorTitles":["offline-sos-queue"],"duration":7,"failing":false,"failureDetails":[],"failureMessages":[],"fullName":"offline-sos-queue initDB sets indexedDbUnavailable on failure","invocations":1,"location":null,"numPassingAsserts":1,"retryReasons":[],"startAt":1782923648599,"status":"passed","title":"initDB sets indexedDbUnavailable on failure"},{"ancestorTitles":["offline-sos-queue"],"duration":7,"failing":false,"failureDetails":[],"failureMessages":[],"fullName":"offline-sos-queue registerOfflineSyncListeners does not register twice","invocations":1,"location":null,"numPassingAsserts":1,"retryReasons":[],"startAt":1782923648606,"status":"passed","title":"registerOfflineSyncListeners does not register twice"},{"ancestorTitles":["offline-sos-queue"],"duration":6,"failing":false,"failureDetails":[],"failureMessages":[],"fullName":"offline-sos-queue registerOfflineSyncListeners no-ops when not browser","invocations":1,"location":null,"numPassingAsserts":1,"retryReasons":[],"startAt":1782923648613,"status":"passed","title":"registerOfflineSyncListeners no-ops when not browser"},{"ancestorTitles":["offline-sos-queue"],"duration":5,"failing":false,"failureDetails":[],"failureMessages":[],"fullName":"offline-sos-queue registerOfflineSyncListeners triggers ensureServiceWorker","invocations":1,"location":null,"numPassingAsserts":1,"retryReasons":[],"startAt":1782923648620,"status":"passed","title":"registerOfflineSyncListeners triggers ensureServiceWorker"},{"ancestorTitles":["offline-sos-queue"],"duration":10,"failing":false,"failureDetails":[],"failureMessages":[],"fullName":"offline-sos-queue enqueueSOS adds to IndexedDB","invocations":1,"location":null,"numPassingAsserts":1,"retryReasons":[],"startAt":1782923648626,"status":"passed","title":"enqueueSOS adds to IndexedDB"},{"ancestorTitles":["offline-sos-queue"],"duration":8,"failing":false,"failureDetails":[],"failureMessages":[],"fullName":"offline-sos-queue enqueueSOS tries SyncManager when available","invocations":1,"location":null,"numPassingAsserts":1,"retryReasons":[],"startAt":1782923648636,"status":"passed","title":"enqueueSOS tries SyncManager when available"},{"ancestorTitles":["offline-sos-queue"],"duration":6,"failing":false,"failureDetails":[],"failureMessages":[],"fullName":"offline-sos-queue enqueueSOS catches SyncManager error gracefully","invocations":1,"location":null,"numPassingAsserts":1,"retryReasons":[],"startAt":1782923648644,"status":"passed","title":"enqueueSOS catches SyncManager error gracefully"},{"ancestorTitles":["offline-sos-queue"],"duration":7,"failing":false,"failureDetails":[],"failureMessages":[],"fullName":"offline-sos-queue enqueueSOS uses fallback when IndexedDB fails","invocations":1,"location":null,"numPassingAsserts":2,"retryReasons":[],"startAt":1782923648650,"status":"passed","title":"enqueueSOS uses fallback when IndexedDB fails"},{"ancestorTitles":["offline-sos-queue"],"duration":11,"failing":false,"failureDetails":[],"failureMessages":[],"fullName":"offline-sos-queue enqueueRoadReport adds to IndexedDB","invocations":1,"location":null,"numPassingAsserts":1,"retryReasons":[],"startAt":1782923648658,"status":"passed","title":"enqueueRoadReport adds to IndexedDB"},{"ancestorTitles":["offline-sos-queue"],"duration":52,"failing":false,"failureDetails":[],"failureMessages":[],"fullName":"offline-sos-queue enqueueRoadReport tries SyncManager when available","invocations":1,"location":null,"numPassingAsserts":1,"retryReasons":[],"startAt":1782923648669,"status":"passed","title":"enqueueRoadReport tries SyncManager when available"},{"ancestorTitles":["offline-sos-queue"],"duration":9,"failing":false,"failureDetails":[],"failureMessages":[],"fullName":"offline-sos-queue enqueueRoadReport uses fallback when IndexedDB fails","invocations":1,"location":null,"numPassingAsserts":2,"retryReasons":[],"startAt":1782923648721,"status":"passed","title":"enqueueRoadReport uses fallback when IndexedDB fails"},{"ancestorTitles":["offline-sos-queue"],"duration":5,"failing":false,"failureDetails":[],"failureMessages":[],"fullName":"offline-sos-queue syncOfflineSOSQueue does nothing when offline","invocations":1,"location":null,"numPassingAsserts":0,"retryReasons":[],"startAt":1782923648731,"status":"passed","title":"syncOfflineSOSQueue does nothing when offline"},{"ancestorTitles":["offline-sos-queue"],"duration":8,"failing":false,"failureDetails":[],"failureMessages":[],"fullName":"offline-sos-queue syncOfflineSOSQueue processes items and deletes on success","invocations":1,"location":null,"numPassingAsserts":1,"retryReasons":[],"startAt":1782923648766,"status":"passed","title":"syncOfflineSOSQueue processes items and deletes on success"},{"ancestorTitles":["offline-sos-queue"],"duration":6,"failing":false,"failureDetails":[],"failureMessages":[],"fullName":"offline-sos-queue syncOfflineSOSQueue stops on API failure","invocations":1,"location":null,"numPassingAsserts":1,"retryReasons":[],"startAt":1782923648775,"status":"passed","title":"syncOfflineSOSQueue stops on API failure"},{"ancestorTitles":["offline-sos-queue"],"duration":6,"failing":false,"failureDetails":[],"failureMessages":[],"fullName":"offline-sos-queue syncOfflineSOSQueue handles empty queue","invocations":1,"location":null,"numPassingAsserts":1,"retryReasons":[],"startAt":1782923648781,"status":"passed","title":"syncOfflineSOSQueue handles empty queue"},{"ancestorTitles":["offline-sos-queue"],"duration":8,"failing":false,"failureDetails":[],"failureMessages":[],"fullName":"offline-sos-queue syncOfflineSOSQueue waits for readTx.done","invocations":1,"location":null,"numPassingAsserts":1,"retryReasons":[],"startAt":1782923648787,"status":"passed","title":"syncOfflineSOSQueue waits for readTx.done"},{"ancestorTitles":["offline-sos-queue"],"duration":6,"failing":false,"failureDetails":[],"failureMessages":[],"fullName":"offline-sos-queue syncOfflineSOSQueue stops on fetch error","invocations":1,"location":null,"numPassingAsserts":1,"retryReasons":[],"startAt":1782923648795,"status":"passed","title":"syncOfflineSOSQueue stops on fetch error"},{"ancestorTitles":["offline-sos-queue"],"duration":6,"failing":false,"failureDetails":[],"failureMessages":[],"fullName":"offline-sos-queue syncOfflineRoadReportQueue does nothing when offline","invocations":1,"location":null,"numPassingAsserts":0,"retryReasons":[],"startAt":1782923648801,"status":"passed","title":"syncOfflineRoadReportQueue does nothing when offline"},{"ancestorTitles":["offline-sos-queue"],"duration":11,"failing":false,"failureDetails":[],"failureMessages":[],"fullName":"offline-sos-queue syncOfflineRoadReportQueue processes items with formData","invocations":1,"location":null,"numPassingAsserts":2,"retryReasons":[],"startAt":1782923648809,"status":"passed","title":"syncOfflineRoadReportQueue processes items with formData"},{"ancestorTitles":["offline-sos-queue"],"duration":7,"failing":false,"failureDetails":[],"failureMessages":[],"fullName":"offline-sos-queue syncOfflineRoadReportQueue handles items with apiUrl","invocations":1,"location":null,"numPassingAsserts":1,"retryReasons":[],"startAt":1782923648820,"status":"passed","title":"syncOfflineRoadReportQueue handles items with apiUrl"},{"ancestorTitles":["offline-sos-queue"],"duration":5,"failing":false,"failureDetails":[],"failureMessages":[],"fullName":"offline-sos-queue syncOfflineRoadReportQueue stops on API failure","invocations":1,"location":null,"numPassingAsserts":1,"retryReasons":[],"startAt":1782923648827,"status":"passed","title":"syncOfflineRoadReportQueue stops on API failure"},{"ancestorTitles":["offline-sos-queue"],"duration":7,"failing":false,"failureDetails":[],"failureMessages":[],"fullName":"offline-sos-queue syncOfflineRoadReportQueue handles empty queue","invocations":1,"location":null,"numPassingAsserts":1,"retryReasons":[],"startAt":1782923648833,"status":"passed","title":"syncOfflineRoadReportQueue handles empty queue"},{"ancestorTitles":["offline-sos-queue"],"duration":7,"failing":false,"failureDetails":[],"failureMessages":[],"fullName":"offline-sos-queue syncOfflineRoadReportQueue handles description trim","invocations":1,"location":null,"numPassingAsserts":1,"retryReasons":[],"startAt":1782923648840,"status":"passed","title":"syncOfflineRoadReportQueue handles description trim"},{"ancestorTitles":["offline-sos-queue"],"duration":6,"failing":false,"failureDetails":[],"failureMessages":[],"fullName":"offline-sos-queue syncFallbackSOSQueue syncs items from sessionStorage","invocations":1,"location":null,"numPassingAsserts":1,"retryReasons":[],"startAt":1782923648847,"status":"passed","title":"syncFallbackSOSQueue syncs items from sessionStorage"},{"ancestorTitles":["offline-sos-queue"],"duration":5,"failing":false,"failureDetails":[],"failureMessages":[],"fullName":"offline-sos-queue syncFallbackSOSQueue keeps failed items on fetch error","invocations":1,"location":null,"numPassingAsserts":1,"retryReasons":[],"startAt":1782923648853,"status":"passed","title":"syncFallbackSOSQueue keeps failed items on fetch error"},{"ancestorTitles":["offline-sos-queue"],"duration":7,"failing":false,"failureDetails":[],"failureMessages":[],"fullName":"offline-sos-queue syncFallbackSOSQueue keeps failed items on API error","invocations":1,"location":null,"numPassingAsserts":1,"retryReasons":[],"startAt":1782923648860,"status":"passed","title":"syncFallbackSOSQueue keeps failed items on API error"},{"ancestorTitles":["offline-sos-queue"],"duration":28,"failing":false,"failureDetails":[],"failureMessages":[],"fullName":"offline-sos-queue syncFallbackSOSQueue handles empty fallback","invocations":1,"location":null,"numPassingAsserts":0,"retryReasons":[],"startAt":1782923648867,"status":"passed","title":"syncFallbackSOSQueue handles empty fallback"},{"ancestorTitles":["offline-sos-queue"],"duration":6,"failing":false,"failureDetails":[],"failureMessages":[],"fullName":"offline-sos-queue syncFallbackRoadReportQueue syncs items from sessionStorage","invocations":1,"location":null,"numPassingAsserts":1,"retryReasons":[],"startAt":1782923648896,"status":"passed","title":"syncFallbackRoadReportQueue syncs items from sessionStorage"},{"ancestorTitles":["offline-sos-queue"],"duration":5,"failing":false,"failureDetails":[],"failureMessages":[],"fullName":"offline-sos-queue syncFallbackRoadReportQueue keeps failed items on API error","invocations":1,"location":null,"numPassingAsserts":1,"retryReasons":[],"startAt":1782923648902,"status":"passed","title":"syncFallbackRoadReportQueue keeps failed items on API error"},{"ancestorTitles":["offline-sos-queue"],"duration":14,"failing":false,"failureDetails":[],"failureMessages":[],"fullName":"offline-sos-queue syncFallbackRoadReportQueue keeps items on fetch error","invocations":1,"location":null,"numPassingAsserts":1,"retryReasons":[],"startAt":1782923648907,"status":"passed","title":"syncFallbackRoadReportQueue keeps items on fetch error"},{"ancestorTitles":["offline-sos-queue"],"duration":8,"failing":false,"failureDetails":[],"failureMessages":[],"fullName":"offline-sos-queue readFallbackQueue handles JSON parse error","invocations":1,"location":null,"numPassingAsserts":2,"retryReasons":[],"startAt":1782923648921,"status":"passed","title":"readFallbackQueue handles JSON parse error"},{"ancestorTitles":["offline-sos-queue"],"duration":6,"failing":false,"failureDetails":[],"failureMessages":[],"fullName":"offline-sos-queue exports all public functions","invocations":1,"location":null,"numPassingAsserts":6,"retryReasons":[],"startAt":1782923648929,"status":"passed","title":"exports all public functions"}],"endTime":1782923648939,"message":"","name":"C:\\Hackathons\\IITM\\SafeVixAI\\frontend\\lib\\__tests__\\offline-sos-queue.test.ts","startTime":1782923646031,"status":"passed","summary":""},{"assertionResults":[{"ancestorTitles":["offline-ai","getOfflineAIStatus"],"duration":55,"failing":false,"failureDetails":[],"failureMessages":[],"fullName":"offline-ai getOfflineAIStatus returns idle initially","invocations":1,"location":null,"numPassingAsserts":1,"retryReasons":[],"startAt":1782923649196,"status":"passed","title":"returns idle initially"},{"ancestorTitles":["offline-ai","isOfflineAIReady"],"duration":3,"failing":false,"failureDetails":[],"failureMessages":[],"fullName":"offline-ai isOfflineAIReady returns false initially","invocations":1,"location":null,"numPassingAsserts":1,"retryReasons":[],"startAt":1782923649252,"status":"passed","title":"returns false initially"},{"ancestorTitles":["offline-ai","getOfflineAI"],"duration":5,"failing":false,"failureDetails":[],"failureMessages":[],"fullName":"offline-ai getOfflineAI returns fallback when no AI and transformers fails","invocations":1,"location":null,"numPassingAsserts":1,"retryReasons":[],"startAt":1782923649256,"status":"passed","title":"returns fallback when no AI and transformers fails"},{"ancestorTitles":["offline-ai","getOfflineAI"],"duration":4,"failing":false,"failureDetails":[],"failureMessages":[],"fullName":"offline-ai getOfflineAI falls through to transformers when Chrome AI not readily available","invocations":1,"location":null,"numPassingAsserts":1,"retryReasons":[],"startAt":1782923649261,"status":"passed","title":"falls through to transformers when Chrome AI not readily available"},{"ancestorTitles":["offline-ai","getOfflineAI"],"duration":4,"failing":false,"failureDetails":[],"failureMessages":[],"fullName":"offline-ai getOfflineAI calls onProgress callback during flow","invocations":1,"location":null,"numPassingAsserts":1,"retryReasons":[],"startAt":1782923649265,"status":"passed","title":"calls onProgress callback during flow"},{"ancestorTitles":["offline-ai","getOfflineAI"],"duration":4,"failing":false,"failureDetails":[],"failureMessages":[],"fullName":"offline-ai getOfflineAI returns system when Chrome built-in AI available","invocations":1,"location":null,"numPassingAsserts":1,"retryReasons":[],"startAt":1782923649269,"status":"passed","title":"returns system when Chrome built-in AI available"},{"ancestorTitles":["offline-ai","getOfflineAI"],"duration":14,"failing":false,"failureDetails":[],"failureMessages":[],"fullName":"offline-ai getOfflineAI early returns system on second call when Chrome AI ready","invocations":1,"location":null,"numPassingAsserts":1,"retryReasons":[],"startAt":1782923649274,"status":"passed","title":"early returns system on second call when Chrome AI ready"},{"ancestorTitles":["offline-ai","getOfflineAI"],"duration":6,"failing":false,"failureDetails":[],"failureMessages":[],"fullName":"offline-ai getOfflineAI returns ready immediately on second call","invocations":1,"location":null,"numPassingAsserts":1,"retryReasons":[],"startAt":1782923649288,"status":"passed","title":"returns ready immediately on second call"},{"ancestorTitles":["offline-ai","getOfflineAI"],"duration":3,"failing":false,"failureDetails":[],"failureMessages":[],"fullName":"offline-ai getOfflineAI returns fallback when webllmOffline feature disabled","invocations":1,"location":null,"numPassingAsserts":1,"retryReasons":[],"startAt":1782923649294,"status":"passed","title":"returns fallback when webllmOffline feature disabled"},{"ancestorTitles":["offline-ai","getOfflineAI"],"duration":3,"failing":false,"failureDetails":[],"failureMessages":[],"fullName":"offline-ai getOfflineAI logs client error when transformers load fails","invocations":1,"location":null,"numPassingAsserts":1,"retryReasons":[],"startAt":1782923649298,"status":"passed","title":"logs client error when transformers load fails"},{"ancestorTitles":["offline-ai","getOfflineAI"],"duration":7,"failing":false,"failureDetails":[],"failureMessages":[],"fullName":"offline-ai getOfflineAI returns fallback on low memory device (< 4GB)","invocations":1,"location":null,"numPassingAsserts":1,"retryReasons":[],"startAt":1782923649301,"status":"passed","title":"returns fallback on low memory device (< 4GB)"},{"ancestorTitles":["offline-ai","getOfflineAI"],"duration":5,"failing":false,"failureDetails":[],"failureMessages":[],"fullName":"offline-ai getOfflineAI early returns transformers on second call when ready","invocations":1,"location":null,"numPassingAsserts":1,"retryReasons":[],"startAt":1782923649309,"status":"passed","title":"early returns transformers on second call when ready"},{"ancestorTitles":["offline-ai","getOfflineAI"],"duration":4,"failing":false,"failureDetails":[],"failureMessages":[],"fullName":"offline-ai getOfflineAI returns transformers when pipeline loads successfully","invocations":1,"location":null,"numPassingAsserts":2,"retryReasons":[],"startAt":1782923649314,"status":"passed","title":"returns transformers when pipeline loads successfully"},{"ancestorTitles":["offline-ai","getOfflineAI"],"duration":14,"failing":false,"failureDetails":[],"failureMessages":[],"fullName":"offline-ai getOfflineAI fires progress_callback during transformers download","invocations":1,"location":null,"numPassingAsserts":2,"retryReasons":[],"startAt":1782923649318,"status":"passed","title":"fires progress_callback during transformers download"},{"ancestorTitles":["offline-ai","getOfflineAI"],"duration":4,"failing":false,"failureDetails":[],"failureMessages":[],"fullName":"offline-ai getOfflineAI fires progress_callback with percent-only when total not provided","invocations":1,"location":null,"numPassingAsserts":1,"retryReasons":[],"startAt":1782923649332,"status":"passed","title":"fires progress_callback with percent-only when total not provided"},{"ancestorTitles":["offline-ai","askOfflineAI"],"duration":4,"failing":false,"failureDetails":[],"failureMessages":[],"fullName":"offline-ai askOfflineAI returns keyword fallback for hospital","invocations":1,"location":null,"numPassingAsserts":1,"retryReasons":[],"startAt":1782923649336,"status":"passed","title":"returns keyword fallback for hospital"},{"ancestorTitles":["offline-ai","askOfflineAI"],"duration":3,"failing":false,"failureDetails":[],"failureMessages":[],"fullName":"offline-ai askOfflineAI returns default message for unrecognized prompt","invocations":1,"location":null,"numPassingAsserts":1,"retryReasons":[],"startAt":1782923649340,"status":"passed","title":"returns default message for unrecognized prompt"},{"ancestorTitles":["offline-ai","askOfflineAI"],"duration":19,"failing":false,"failureDetails":[],"failureMessages":[],"fullName":"offline-ai askOfflineAI uses Chrome AI session when available","invocations":1,"location":null,"numPassingAsserts":1,"retryReasons":[],"startAt":1782923649343,"status":"passed","title":"uses Chrome AI session when available"},{"ancestorTitles":["offline-ai","askOfflineAI"],"duration":3,"failing":false,"failureDetails":[],"failureMessages":[],"fullName":"offline-ai askOfflineAI falls back to keyword when session.prompt throws","invocations":1,"location":null,"numPassingAsserts":2,"retryReasons":[],"startAt":1782923649362,"status":"passed","title":"falls back to keyword when session.prompt throws"},{"ancestorTitles":["offline-ai","askOfflineAI"],"duration":4,"failing":false,"failureDetails":[],"failureMessages":[],"fullName":"offline-ai askOfflineAI uses Transformers.js pipeline when loaded","invocations":1,"location":null,"numPassingAsserts":1,"retryReasons":[],"startAt":1782923649365,"status":"passed","title":"uses Transformers.js pipeline when loaded"},{"ancestorTitles":["offline-ai","askOfflineAI"],"duration":3,"failing":false,"failureDetails":[],"failureMessages":[],"fullName":"offline-ai askOfflineAI handles audioBlob input via pipeline","invocations":1,"location":null,"numPassingAsserts":1,"retryReasons":[],"startAt":1782923649369,"status":"passed","title":"handles audioBlob input via pipeline"},{"ancestorTitles":["offline-ai","askOfflineAI"],"duration":4,"failing":false,"failureDetails":[],"failureMessages":[],"fullName":"offline-ai askOfflineAI returns fallback string when pipeline returns null output","invocations":1,"location":null,"numPassingAsserts":1,"retryReasons":[],"startAt":1782923649372,"status":"passed","title":"returns fallback string when pipeline returns null output"},{"ancestorTitles":["offline-ai","askOfflineAI"],"duration":3,"failing":false,"failureDetails":[],"failureMessages":[],"fullName":"offline-ai askOfflineAI handles array output from pipeline","invocations":1,"location":null,"numPassingAsserts":1,"retryReasons":[],"startAt":1782923649376,"status":"passed","title":"handles array output from pipeline"},{"ancestorTitles":["offline-ai","askOfflineAI"],"duration":3,"failing":false,"failureDetails":[],"failureMessages":[],"fullName":"offline-ai askOfflineAI falls back to keyword when pipeline throws","invocations":1,"location":null,"numPassingAsserts":2,"retryReasons":[],"startAt":1782923649379,"status":"passed","title":"falls back to keyword when pipeline throws"},{"ancestorTitles":["offline-ai","askOfflineAI"],"duration":4,"failing":false,"failureDetails":[],"failureMessages":[],"fullName":"offline-ai askOfflineAI matches prompt case-insensitively for accident","invocations":1,"location":null,"numPassingAsserts":1,"retryReasons":[],"startAt":1782923649382,"status":"passed","title":"matches prompt case-insensitively for accident"},{"ancestorTitles":["offline-ai","askOfflineAI"],"duration":3,"failing":false,"failureDetails":[],"failureMessages":[],"fullName":"offline-ai askOfflineAI returns fire response for fire keyword","invocations":1,"location":null,"numPassingAsserts":1,"retryReasons":[],"startAt":1782923649386,"status":"passed","title":"returns fire response for fire keyword"},{"ancestorTitles":["offline-ai","askOfflineAI"],"duration":3,"failing":false,"failureDetails":[],"failureMessages":[],"fullName":"offline-ai askOfflineAI keyword matching for ambulance","invocations":1,"location":null,"numPassingAsserts":1,"retryReasons":[],"startAt":1782923649389,"status":"passed","title":"keyword matching for ambulance"},{"ancestorTitles":["offline-ai","askOfflineAI"],"duration":3,"failing":false,"failureDetails":[],"failureMessages":[],"fullName":"offline-ai askOfflineAI keyword matching for police","invocations":1,"location":null,"numPassingAsserts":1,"retryReasons":[],"startAt":1782923649392,"status":"passed","title":"keyword matching for police"},{"ancestorTitles":["offline-ai","askOfflineAI"],"duration":2,"failing":false,"failureDetails":[],"failureMessages":[],"fullName":"offline-ai askOfflineAI keyword matching for pothole","invocations":1,"location":null,"numPassingAsserts":1,"retryReasons":[],"startAt":1782923649396,"status":"passed","title":"keyword matching for pothole"},{"ancestorTitles":["offline-ai","askOfflineAI"],"duration":3,"failing":false,"failureDetails":[],"failureMessages":[],"fullName":"offline-ai askOfflineAI keyword matching for challan","invocations":1,"location":null,"numPassingAsserts":1,"retryReasons":[],"startAt":1782923649399,"status":"passed","title":"keyword matching for challan"},{"ancestorTitles":["offline-ai","askOfflineAI"],"duration":3,"failing":false,"failureDetails":[],"failureMessages":[],"fullName":"offline-ai askOfflineAI keyword matching for helmet","invocations":1,"location":null,"numPassingAsserts":1,"retryReasons":[],"startAt":1782923649402,"status":"passed","title":"keyword matching for helmet"},{"ancestorTitles":["offline-ai","askOfflineAI"],"duration":3,"failing":false,"failureDetails":[],"failureMessages":[],"fullName":"offline-ai askOfflineAI keyword matching for seatbelt","invocations":1,"location":null,"numPassingAsserts":1,"retryReasons":[],"startAt":1782923649405,"status":"passed","title":"keyword matching for seatbelt"},{"ancestorTitles":["offline-ai","askOfflineAI"],"duration":8,"failing":false,"failureDetails":[],"failureMessages":[],"fullName":"offline-ai askOfflineAI keyword matching for drunk driving","invocations":1,"location":null,"numPassingAsserts":1,"retryReasons":[],"startAt":1782923649408,"status":"passed","title":"keyword matching for drunk driving"},{"ancestorTitles":["offline-ai","askOfflineAI"],"duration":3,"failing":false,"failureDetails":[],"failureMessages":[],"fullName":"offline-ai askOfflineAI keyword matching for speed","invocations":1,"location":null,"numPassingAsserts":1,"retryReasons":[],"startAt":1782923649416,"status":"passed","title":"keyword matching for speed"}],"endTime":1782923649432,"message":"","name":"C:\\Hackathons\\IITM\\SafeVixAI\\frontend\\lib\\__tests__\\offline-ai.test.ts","startTime":1782923648757,"status":"passed","summary":""},{"assertionResults":[{"ancestorTitles":["intl-formatters","getLocale"],"duration":3,"failing":false,"failureDetails":[],"failureMessages":[],"fullName":"intl-formatters getLocale returns en-IN for English","invocations":1,"location":null,"numPassingAsserts":1,"retryReasons":[],"startAt":1782923649429,"status":"passed","title":"returns en-IN for English"},{"ancestorTitles":["intl-formatters","getLocale"],"duration":1,"failing":false,"failureDetails":[],"failureMessages":[],"fullName":"intl-formatters getLocale returns hi-IN for Hindi","invocations":1,"location":null,"numPassingAsserts":1,"retryReasons":[],"startAt":1782923649433,"status":"passed","title":"returns hi-IN for Hindi"},{"ancestorTitles":["intl-formatters","getLocale"],"duration":1,"failing":false,"failureDetails":[],"failureMessages":[],"fullName":"intl-formatters getLocale returns ta-IN for Tamil","invocations":1,"location":null,"numPassingAsserts":1,"retryReasons":[],"startAt":1782923649434,"status":"passed","title":"returns ta-IN for Tamil"},{"ancestorTitles":["intl-formatters","getLocale"],"duration":0,"failing":false,"failureDetails":[],"failureMessages":[],"fullName":"intl-formatters getLocale returns ur-PK for Urdu","invocations":1,"location":null,"numPassingAsserts":1,"retryReasons":[],"startAt":1782923649435,"status":"passed","title":"returns ur-PK for Urdu"},{"ancestorTitles":["intl-formatters","getLocale"],"duration":1,"failing":false,"failureDetails":[],"failureMessages":[],"fullName":"intl-formatters getLocale returns en-IN for unknown language","invocations":1,"location":null,"numPassingAsserts":1,"retryReasons":[],"startAt":1782923649435,"status":"passed","title":"returns en-IN for unknown language"},{"ancestorTitles":["intl-formatters","formatNumber"],"duration":54,"failing":false,"failureDetails":[],"failureMessages":[],"fullName":"intl-formatters formatNumber formats a small number","invocations":1,"location":null,"numPassingAsserts":1,"retryReasons":[],"startAt":1782923649436,"status":"passed","title":"formats a small number"},{"ancestorTitles":["intl-formatters","formatNumber"],"duration":2,"failing":false,"failureDetails":[],"failureMessages":[],"fullName":"intl-formatters formatNumber formats a number with Indian grouping separators","invocations":1,"location":null,"numPassingAsserts":1,"retryReasons":[],"startAt":1782923649490,"status":"passed","title":"formats a number with Indian grouping separators"},{"ancestorTitles":["intl-formatters","formatNumber"],"duration":1,"failing":false,"failureDetails":[],"failureMessages":[],"fullName":"intl-formatters formatNumber formats zero","invocations":1,"location":null,"numPassingAsserts":1,"retryReasons":[],"startAt":1782923649494,"status":"passed","title":"formats zero"},{"ancestorTitles":["intl-formatters","formatNumber"],"duration":1,"failing":false,"failureDetails":[],"failureMessages":[],"fullName":"intl-formatters formatNumber formats a negative number","invocations":1,"location":null,"numPassingAsserts":1,"retryReasons":[],"startAt":1782923649496,"status":"passed","title":"formats a negative number"},{"ancestorTitles":["intl-formatters","formatNumber"],"duration":1,"failing":false,"failureDetails":[],"failureMessages":[],"fullName":"intl-formatters formatNumber formats a decimal number","invocations":1,"location":null,"numPassingAsserts":1,"retryReasons":[],"startAt":1782923649497,"status":"passed","title":"formats a decimal number"},{"ancestorTitles":["intl-formatters","formatCurrency"],"duration":3,"failing":false,"failureDetails":[],"failureMessages":[],"fullName":"intl-formatters formatCurrency formats amount with ₹ symbol","invocations":1,"location":null,"numPassingAsserts":1,"retryReasons":[],"startAt":1782923649498,"status":"passed","title":"formats amount with ₹ symbol"},{"ancestorTitles":["intl-formatters","formatCurrency"],"duration":1,"failing":false,"failureDetails":[],"failureMessages":[],"fullName":"intl-formatters formatCurrency formats zero amount","invocations":1,"location":null,"numPassingAsserts":1,"retryReasons":[],"startAt":1782923649501,"status":"passed","title":"formats zero amount"},{"ancestorTitles":["intl-formatters","formatCurrency"],"duration":2,"failing":false,"failureDetails":[],"failureMessages":[],"fullName":"intl-formatters formatCurrency formats a large fine amount","invocations":1,"location":null,"numPassingAsserts":1,"retryReasons":[],"startAt":1782923649502,"status":"passed","title":"formats a large fine amount"},{"ancestorTitles":["intl-formatters","formatCurrency"],"duration":1,"failing":false,"failureDetails":[],"failureMessages":[],"fullName":"intl-formatters formatCurrency produces no decimal fraction digits","invocations":1,"location":null,"numPassingAsserts":1,"retryReasons":[],"startAt":1782923649504,"status":"passed","title":"produces no decimal fraction digits"},{"ancestorTitles":["intl-formatters","formatCurrency"],"duration":1,"failing":false,"failureDetails":[],"failureMessages":[],"fullName":"intl-formatters formatCurrency formats negative amount","invocations":1,"location":null,"numPassingAsserts":1,"retryReasons":[],"startAt":1782923649505,"status":"passed","title":"formats negative amount"},{"ancestorTitles":["intl-formatters","formatDecimal"],"duration":1,"failing":false,"failureDetails":[],"failureMessages":[],"fullName":"intl-formatters formatDecimal formats with default 1 decimal place","invocations":1,"location":null,"numPassingAsserts":1,"retryReasons":[],"startAt":1782923649507,"status":"passed","title":"formats with default 1 decimal place"},{"ancestorTitles":["intl-formatters","formatDecimal"],"duration":2,"failing":false,"failureDetails":[],"failureMessages":[],"fullName":"intl-formatters formatDecimal formats with custom decimal places","invocations":1,"location":null,"numPassingAsserts":1,"retryReasons":[],"startAt":1782923649508,"status":"passed","title":"formats with custom decimal places"},{"ancestorTitles":["intl-formatters","formatDecimal"],"duration":1,"failing":false,"failureDetails":[],"failureMessages":[],"fullName":"intl-formatters formatDecimal formats zero","invocations":1,"location":null,"numPassingAsserts":1,"retryReasons":[],"startAt":1782923649510,"status":"passed","title":"formats zero"},{"ancestorTitles":["intl-formatters","formatDecimal"],"duration":16,"failing":false,"failureDetails":[],"failureMessages":[],"fullName":"intl-formatters formatDecimal rounds to specified decimals","invocations":1,"location":null,"numPassingAsserts":1,"retryReasons":[],"startAt":1782923649511,"status":"passed","title":"rounds to specified decimals"},{"ancestorTitles":["intl-formatters","formatDecimal"],"duration":1,"failing":false,"failureDetails":[],"failureMessages":[],"fullName":"intl-formatters formatDecimal formats with 0 decimal places","invocations":1,"location":null,"numPassingAsserts":1,"retryReasons":[],"startAt":1782923649535,"status":"passed","title":"formats with 0 decimal places"},{"ancestorTitles":["intl-formatters","formatCompactNumber"],"duration":1,"failing":false,"failureDetails":[],"failureMessages":[],"fullName":"intl-formatters formatCompactNumber formats crore values","invocations":1,"location":null,"numPassingAsserts":1,"retryReasons":[],"startAt":1782923649537,"status":"passed","title":"formats crore values"},{"ancestorTitles":["intl-formatters","formatCompactNumber"],"duration":3,"failing":false,"failureDetails":[],"failureMessages":[],"fullName":"intl-formatters formatCompactNumber formats lakh values","invocations":1,"location":null,"numPassingAsserts":1,"retryReasons":[],"startAt":1782923649539,"status":"passed","title":"formats lakh values"},{"ancestorTitles":["intl-formatters","formatCompactNumber"],"duration":2,"failing":false,"failureDetails":[],"failureMessages":[],"fullName":"intl-formatters formatCompactNumber formats thousand values","invocations":1,"location":null,"numPassingAsserts":1,"retryReasons":[],"startAt":1782923649544,"status":"passed","title":"formats thousand values"},{"ancestorTitles":["intl-formatters","formatCompactNumber"],"duration":1,"failing":false,"failureDetails":[],"failureMessages":[],"fullName":"intl-formatters formatCompactNumber returns plain number for values under 1000","invocations":1,"location":null,"numPassingAsserts":1,"retryReasons":[],"startAt":1782923649546,"status":"passed","title":"returns plain number for values under 1000"},{"ancestorTitles":["intl-formatters","formatCompactNumber"],"duration":1,"failing":false,"failureDetails":[],"failureMessages":[],"fullName":"intl-formatters formatCompactNumber formats zero","invocations":1,"location":null,"numPassingAsserts":1,"retryReasons":[],"startAt":1782923649547,"status":"passed","title":"formats zero"},{"ancestorTitles":["intl-formatters","formatCompactNumber"],"duration":1,"failing":false,"failureDetails":[],"failureMessages":[],"fullName":"intl-formatters formatCompactNumber formats exact crore boundary","invocations":1,"location":null,"numPassingAsserts":1,"retryReasons":[],"startAt":1782923649550,"status":"passed","title":"formats exact crore boundary"},{"ancestorTitles":["intl-formatters","formatCompactNumber"],"duration":1,"failing":false,"failureDetails":[],"failureMessages":[],"fullName":"intl-formatters formatCompactNumber formats exact lakh boundary","invocations":1,"location":null,"numPassingAsserts":1,"retryReasons":[],"startAt":1782923649552,"status":"passed","title":"formats exact lakh boundary"},{"ancestorTitles":["intl-formatters","formatDistance"],"duration":1,"failing":false,"failureDetails":[],"failureMessages":[],"fullName":"intl-formatters formatDistance formats kilometers for >= 1000m","invocations":1,"location":null,"numPassingAsserts":1,"retryReasons":[],"startAt":1782923649553,"status":"passed","title":"formats kilometers for >= 1000m"},{"ancestorTitles":["intl-formatters","formatDistance"],"duration":1,"failing":false,"failureDetails":[],"failureMessages":[],"fullName":"intl-formatters formatDistance formats meters for < 1000m","invocations":1,"location":null,"numPassingAsserts":1,"retryReasons":[],"startAt":1782923649555,"status":"passed","title":"formats meters for < 1000m"},{"ancestorTitles":["intl-formatters","formatDistance"],"duration":3,"failing":false,"failureDetails":[],"failureMessages":[],"fullName":"intl-formatters formatDistance formats zero meters","invocations":1,"location":null,"numPassingAsserts":1,"retryReasons":[],"startAt":1782923649556,"status":"passed","title":"formats zero meters"},{"ancestorTitles":["intl-formatters","formatDistance"],"duration":2,"failing":false,"failureDetails":[],"failureMessages":[],"fullName":"intl-formatters formatDistance formats exact 1km","invocations":1,"location":null,"numPassingAsserts":1,"retryReasons":[],"startAt":1782923649559,"status":"passed","title":"formats exact 1km"},{"ancestorTitles":["intl-formatters","formatDistance"],"duration":1,"failing":false,"failureDetails":[],"failureMessages":[],"fullName":"intl-formatters formatDistance formats large distance in kilometers","invocations":1,"location":null,"numPassingAsserts":1,"retryReasons":[],"startAt":1782923649561,"status":"passed","title":"formats large distance in kilometers"},{"ancestorTitles":["intl-formatters","formatDuration"],"duration":1,"failing":false,"failureDetails":[],"failureMessages":[],"fullName":"intl-formatters formatDuration formats hours and minutes","invocations":1,"location":null,"numPassingAsserts":1,"retryReasons":[],"startAt":1782923649562,"status":"passed","title":"formats hours and minutes"},{"ancestorTitles":["intl-formatters","formatDuration"],"duration":1,"failing":false,"failureDetails":[],"failureMessages":[],"fullName":"intl-formatters formatDuration formats only hours when minutes are zero","invocations":1,"location":null,"numPassingAsserts":2,"retryReasons":[],"startAt":1782923649563,"status":"passed","title":"formats only hours when minutes are zero"},{"ancestorTitles":["intl-formatters","formatDuration"],"duration":2,"failing":false,"failureDetails":[],"failureMessages":[],"fullName":"intl-formatters formatDuration formats only minutes for < 1 hour","invocations":1,"location":null,"numPassingAsserts":1,"retryReasons":[],"startAt":1782923649565,"status":"passed","title":"formats only minutes for < 1 hour"},{"ancestorTitles":["intl-formatters","formatDuration"],"duration":1,"failing":false,"failureDetails":[],"failureMessages":[],"fullName":"intl-formatters formatDuration formats seconds for < 1 minute","invocations":1,"location":null,"numPassingAsserts":1,"retryReasons":[],"startAt":1782923649567,"status":"passed","title":"formats seconds for < 1 minute"},{"ancestorTitles":["intl-formatters","formatDuration"],"duration":1,"failing":false,"failureDetails":[],"failureMessages":[],"fullName":"intl-formatters formatDuration formats zero seconds","invocations":1,"location":null,"numPassingAsserts":1,"retryReasons":[],"startAt":1782923649568,"status":"passed","title":"formats zero seconds"},{"ancestorTitles":["intl-formatters","formatDuration"],"duration":1,"failing":false,"failureDetails":[],"failureMessages":[],"fullName":"intl-formatters formatDuration formats exactly 1 hour","invocations":1,"location":null,"numPassingAsserts":1,"retryReasons":[],"startAt":1782923649569,"status":"passed","title":"formats exactly 1 hour"},{"ancestorTitles":["intl-formatters","formatCoordinate"],"duration":3,"failing":false,"failureDetails":[],"failureMessages":[],"fullName":"intl-formatters formatCoordinate formats lat/lon with 4 decimal places",
[...]
,"status":"passed","title":"renders without crashing"}],"endTime":1782923667395,"message":"","name":"C:\\Hackathons\\IITM\\SafeVixAI\\frontend\\components\\__tests__\\LocationPicker.test.tsx","startTime":1782923666599,"status":"passed","summary":""},{"assertionResults":[{"ancestorTitles":["MessageBubbleSkeleton"],"duration":10,"failing":false,"failureDetails":[],"failureMessages":[],"fullName":"MessageBubbleSkeleton renders user bubble","invocations":1,"location":null,"numPassingAsserts":1,"retryReasons":[],"startAt":1782923667561,"status":"passed","title":"renders user bubble"},{"ancestorTitles":["MessageBubbleSkeleton"],"duration":5,"failing":false,"failureDetails":[],"failureMessages":[],"fullName":"MessageBubbleSkeleton renders bot bubble","invocations":1,"location":null,"numPassingAsserts":1,"retryReasons":[],"startAt":1782923667571,"status":"passed","title":"renders bot bubble"},{"ancestorTitles":["MessageBubbleSkeleton"],"duration":4,"failing":false,"failureDetails":[],"failureMessages":[],"fullName":"MessageBubbleSkeleton renders default (bot) when no isUser prop","invocations":1,"location":null,"numPassingAsserts":1,"retryReasons":[],"startAt":1782923667577,"status":"passed","title":"renders default (bot) when no isUser prop"},{"ancestorTitles":["ChatSkeleton"],"duration":8,"failing":false,"failureDetails":[],"failureMessages":[],"fullName":"ChatSkeleton renders 3 bubbles","invocations":1,"location":null,"numPassingAsserts":1,"retryReasons":[],"startAt":1782923667581,"status":"passed","title":"renders 3 bubbles"}],"endTime":1782923667590,"message":"","name":"C:\\Hackathons\\IITM\\SafeVixAI\\frontend\\components\\__tests__\\MessageBubbleSkeleton.test.tsx","startTime":1782923666750,"status":"passed","summary":""},{"assertionResults":[{"ancestorTitles":["use-hydrated"],"duration":47,"failing":false,"failureDetails":[],"failureMessages":[],"fullName":"use-hydrated returns false initially","invocations":1,"location":null,"numPassingAsserts":1,"retryReasons":[],"startAt":1782923667512,"status":"passed","title":"returns false initially"},{"ancestorTitles":["use-hydrated"],"duration":18,"failing":false,"failureDetails":[],"failureMessages":[],"fullName":"use-hydrated markHydrated updates hook state","invocations":1,"location":null,"numPassingAsserts":1,"retryReasons":[],"startAt":1782923667560,"status":"passed","title":"markHydrated updates hook state"},{"ancestorTitles":["use-hydrated"],"duration":30,"failing":false,"failureDetails":[],"failureMessages":[],"fullName":"use-hydrated markHydrated can be called multiple times safely","invocations":1,"location":null,"numPassingAsserts":1,"retryReasons":[],"startAt":1782923667580,"status":"passed","title":"markHydrated can be called multiple times safely"},{"ancestorTitles":["use-hydrated"],"duration":4,"failing":false,"failureDetails":[],"failureMessages":[],"fullName":"use-hydrated returns true immediately when already hydrated","invocations":1,"location":null,"numPassingAsserts":1,"retryReasons":[],"startAt":1782923667610,"status":"passed","title":"returns true immediately when already hydrated"}],"endTime":1782923667615,"message":"","name":"C:\\Hackathons\\IITM\\SafeVixAI\\frontend\\lib\\__tests__\\use-hydrated.test.ts","startTime":1782923666782,"status":"passed","summary":""},{"assertionResults":[{"ancestorTitles":["CTASection"],"duration":88,"failing":false,"failureDetails":[],"failureMessages":[],"fullName":"CTASection renders heading text","invocations":1,"location":null,"numPassingAsserts":1,"retryReasons":[],"startAt":1782923667453,"status":"passed","title":"renders heading text"},{"ancestorTitles":["CTASection"],"duration":18,"failing":false,"failureDetails":[],"failureMessages":[],"fullName":"CTASection renders GET STARTED badge","invocations":1,"location":null,"numPassingAsserts":1,"retryReasons":[],"startAt":1782923667541,"status":"passed","title":"renders GET STARTED badge"},{"ancestorTitles":["CTASection"],"duration":18,"failing":false,"failureDetails":[],"failureMessages":[],"fullName":"CTASection renders subtitle","invocations":1,"location":null,"numPassingAsserts":1,"retryReasons":[],"startAt":1782923667560,"status":"passed","title":"renders subtitle"},{"ancestorTitles":["CTASection"],"duration":15,"failing":false,"failureDetails":[],"failureMessages":[],"fullName":"CTASection renders Launch Platform link","invocations":1,"location":null,"numPassingAsserts":1,"retryReasons":[],"startAt":1782923667578,"status":"passed","title":"renders Launch Platform link"},{"ancestorTitles":["CTASection"],"duration":19,"failing":false,"failureDetails":[],"failureMessages":[],"fullName":"CTASection renders Explore Intelligence link","invocations":1,"location":null,"numPassingAsserts":1,"retryReasons":[],"startAt":1782923667593,"status":"passed","title":"renders Explore Intelligence link"},{"ancestorTitles":["CTASection"],"duration":16,"failing":false,"failureDetails":[],"failureMessages":[],"fullName":"CTASection renders View GitHub link","invocations":1,"location":null,"numPassingAsserts":1,"retryReasons":[],"startAt":1782923667612,"status":"passed","title":"renders View GitHub link"}],"endTime":1782923667629,"message":"","name":"C:\\Hackathons\\IITM\\SafeVixAI\\frontend\\app\\landing\\components\\__tests__\\CTASection.test.tsx","startTime":1782923666482,"status":"passed","summary":""},{"assertionResults":[{"ancestorTitles":["SuggestedInquiries"],"duration":27,"failing":false,"failureDetails":[],"failureMessages":[],"fullName":"SuggestedInquiries renders suggestion buttons","invocations":1,"location":null,"numPassingAsserts":2,"retryReasons":[],"startAt":1782923667660,"status":"passed","title":"renders suggestion buttons"},{"ancestorTitles":["SuggestedInquiries"],"duration":70,"failing":false,"failureDetails":[],"failureMessages":[],"fullName":"SuggestedInquiries calls onSelect when button clicked","invocations":1,"location":null,"numPassingAsserts":1,"retryReasons":[],"startAt":1782923667688,"status":"passed","title":"calls onSelect when button clicked"}],"endTime":1782923667759,"message":"","name":"C:\\Hackathons\\IITM\\SafeVixAI\\frontend\\components\\__tests__\\SuggestedInquiries.test.tsx","startTime":1782923666872,"status":"passed","summary":""},{"assertionResults":[{"ancestorTitles":["EmptyStateUI"],"duration":30,"failing":false,"failureDetails":[],"failureMessages":[],"fullName":"EmptyStateUI renders title and description","invocations":1,"location":null,"numPassingAsserts":1,"retryReasons":[],"startAt":1782923667710,"status":"passed","title":"renders title and description"},{"ancestorTitles":["EmptyStateUI"],"duration":10,"failing":false,"failureDetails":[],"failureMessages":[],"fullName":"EmptyStateUI renders with description and action","invocations":1,"location":null,"numPassingAsserts":2,"retryReasons":[],"startAt":1782923667741,"status":"passed","title":"renders with description and action"},{"ancestorTitles":["EmptyStateUI"],"duration":9,"failing":false,"failureDetails":[],"failureMessages":[],"fullName":"EmptyStateUI renders with custom className","invocations":1,"location":null,"numPassingAsserts":1,"retryReasons":[],"startAt":1782923667751,"status":"passed","title":"renders with custom className"}],"endTime":1782923667761,"message":"","name":"C:\\Hackathons\\IITM\\SafeVixAI\\frontend\\components\\__tests__\\EmptyStateUI.test.tsx","startTime":1782923666837,"status":"passed","summary":""},{"assertionResults":[{"ancestorTitles":["map-defaults"],"duration":28,"failing":false,"failureDetails":[],"failureMessages":[],"fullName":"map-defaults exports FALLBACK_MAP_CENTER as [lat, lon]","invocations":1,"location":null,"numPassingAsserts":4,"retryReasons":[],"startAt":1782923667717,"status":"passed","title":"exports FALLBACK_MAP_CENTER as [lat, lon]"},{"ancestorTitles":["map-defaults"],"duration":1,"failing":false,"failureDetails":[],"failureMessages":[],"fullName":"map-defaults exports FALLBACK_MAP_ZOOM and LIVE_MAP_ZOOM as numbers","invocations":1,"location":null,"numPassingAsserts":2,"retryReasons":[],"startAt":1782923667746,"status":"passed","title":"exports FALLBACK_MAP_ZOOM and LIVE_MAP_ZOOM as numbers"}],"endTime":1782923667763,"message":"","name":"C:\\Hackathons\\IITM\\SafeVixAI\\frontend\\lib\\__tests__\\map-defaults.test.ts","startTime":1782923667359,"status":"passed","summary":""},{"assertionResults":[{"ancestorTitles":["accessible label patterns"],"duration":7,"failing":false,"failureDetails":[],"failureMessages":[],"fullName":"accessible label patterns icon buttons should use aria-label not just title","invocations":1,"location":null,"numPassingAsserts":1,"retryReasons":[],"startAt":1782923667771,"status":"passed","title":"icon buttons should use aria-label not just title"},{"ancestorTitles":["accessible label patterns"],"duration":1,"failing":false,"failureDetails":[],"failureMessages":[],"fullName":"accessible label patterns select elements should have aria-label","invocations":1,"location":null,"numPassingAsserts":1,"retryReasons":[],"startAt":1782923667778,"status":"passed","title":"select elements should have aria-label"},{"ancestorTitles":["accessible label patterns"],"duration":1,"failing":false,"failureDetails":[],"failureMessages":[],"fullName":"accessible label patterns inputs should have aria-label or associated label","invocations":1,"location":null,"numPassingAsserts":1,"retryReasons":[],"startAt":1782923667779,"status":"passed","title":"inputs should have aria-label or associated label"}],"endTime":1782923667781,"message":"","name":"C:\\Hackathons\\IITM\\SafeVixAI\\frontend\\lib\\__tests__\\accessibility-labels.test.ts","startTime":1782923667311,"status":"passed","summary":""},{"assertionResults":[{"ancestorTitles":["AuthorityCard"],"duration":15,"failing":false,"failureDetails":[],"failureMessages":[],"fullName":"AuthorityCard renders authority name","invocations":1,"location":null,"numPassingAsserts":1,"retryReasons":[],"startAt":1782923667807,"status":"passed","title":"renders authority name"},{"ancestorTitles":["AuthorityCard"],"duration":8,"failing":false,"failureDetails":[],"failureMessages":[],"fullName":"AuthorityCard renders assigned authority label","invocations":1,"location":null,"numPassingAsserts":1,"retryReasons":[],"startAt":1782923667823,"status":"passed","title":"renders assigned authority label"},{"ancestorTitles":["AuthorityCard"],"duration":7,"failing":false,"failureDetails":[],"failureMessages":[],"fullName":"AuthorityCard renders response SLA","invocations":1,"location":null,"numPassingAsserts":1,"retryReasons":[],"startAt":1782923667831,"status":"passed","title":"renders response SLA"},{"ancestorTitles":["AuthorityCard"],"duration":7,"failing":false,"failureDetails":[],"failureMessages":[],"fullName":"AuthorityCard renders card container","invocations":1,"location":null,"numPassingAsserts":1,"retryReasons":[],"startAt":1782923667838,"status":"passed","title":"renders card container"}],"endTime":1782923667847,"message":"","name":"C:\\Hackathons\\IITM\\SafeVixAI\\frontend\\components\\__tests__\\AuthorityCard.test.tsx","startTime":1782923667064,"status":"passed","summary":""},{"assertionResults":[{"ancestorTitles":["SkeletonCardUI"],"duration":16,"failing":false,"failureDetails":[],"failureMessages":[],"fullName":"SkeletonCardUI renders with default props","invocations":1,"location":null,"numPassingAsserts":1,"retryReasons":[],"startAt":1782923667814,"status":"passed","title":"renders with default props"},{"ancestorTitles":["SkeletonCardUI"],"duration":7,"failing":false,"failureDetails":[],"failureMessages":[],"fullName":"SkeletonCardUI renders without icon","invocations":1,"location":null,"numPassingAsserts":1,"retryReasons":[],"startAt":1782923667831,"status":"passed","title":"renders without icon"},{"ancestorTitles":["SkeletonCardUI"],"duration":9,"failing":false,"failureDetails":[],"failureMessages":[],"fullName":"SkeletonCardUI renders with custom line count and button","invocations":1,"location":null,"numPassingAsserts":1,"retryReasons":[],"startAt":1782923667838,"status":"passed","title":"renders with custom line count and button"}],"endTime":1782923667849,"message":"","name":"C:\\Hackathons\\IITM\\SafeVixAI\\frontend\\components\\__tests__\\SkeletonCardUI.test.tsx","startTime":1782923667120,"status":"passed","summary":""},{"assertionResults":[{"ancestorTitles":["FirstAidPage"],"duration":8,"failing":false,"failureDetails":[],"failureMessages":[],"fullName":"FirstAidPage renders without error","invocations":1,"location":null,"numPassingAsserts":1,"retryReasons":[],"startAt":1782923667901,"status":"passed","title":"renders without error"},{"ancestorTitles":["FirstAidPage"],"duration":1,"failing":false,"failureDetails":[],"failureMessages":[],"fullName":"FirstAidPage has first aid JSON data loaded","invocations":1,"location":null,"numPassingAsserts":1,"retryReasons":[],"startAt":1782923667909,"status":"passed","title":"has first aid JSON data loaded"},{"ancestorTitles":["FirstAidPage"],"duration":5,"failing":false,"failureDetails":[],"failureMessages":[],"fullName":"FirstAidPage builds CPR guide from static data","invocations":1,"location":null,"numPassingAsserts":1,"retryReasons":[],"startAt":1782923667910,"status":"passed","title":"builds CPR guide from static data"}],"endTime":1782923667917,"message":"","name":"C:\\Hackathons\\IITM\\SafeVixAI\\frontend\\tests\\first-aid.test.tsx","startTime":1782923667112,"status":"passed","summary":""},{"assertionResults":[{"ancestorTitles":["SkeletonCard"],"duration":11,"failing":false,"failureDetails":[],"failureMessages":[],"fullName":"SkeletonCard renders skeleton structure","invocations":1,"location":null,"numPassingAsserts":1,"retryReasons":[],"startAt":1782923667952,"status":"passed","title":"renders skeleton structure"},{"ancestorTitles":["SkeletonCard"],"duration":6,"failing":false,"failureDetails":[],"failureMessages":[],"fullName":"SkeletonCard applies custom className","invocations":1,"location":null,"numPassingAsserts":1,"retryReasons":[],"startAt":1782923667964,"status":"passed","title":"applies custom className"}],"endTime":1782923667971,"message":"","name":"C:\\Hackathons\\IITM\\SafeVixAI\\frontend\\components\\__tests__\\SkeletonCard.test.tsx","startTime":1782923667362,"status":"passed","summary":""},{"assertionResults":[{"ancestorTitles":["EmptyState"],"duration":17,"failing":false,"failureDetails":[],"failureMessages":[],"fullName":"EmptyState renders title and description","invocations":1,"location":null,"numPassingAsserts":2,"retryReasons":[],"startAt":1782923667959,"status":"passed","title":"renders title and description"},{"ancestorTitles":["EmptyState"],"duration":6,"failing":false,"failureDetails":[],"failureMessages":[],"fullName":"EmptyState renders with custom icon","invocations":1,"location":null,"numPassingAsserts":1,"retryReasons":[],"startAt":1782923667977,"status":"passed","title":"renders with custom icon"}],"endTime":1782923667984,"message":"","name":"C:\\Hackathons\\IITM\\SafeVixAI\\frontend\\components\\__tests__\\EmptyState.test.tsx","startTime":1782923667272,"status":"passed","summary":""},{"assertionResults":[{"ancestorTitles":["TypingIndicator"],"duration":11,"failing":false,"failureDetails":[],"failureMessages":[],"fullName":"TypingIndicator renders three dots","invocations":1,"location":null,"numPassingAsserts":1,"retryReasons":[],"startAt":1782923667970,"status":"passed","title":"renders three dots"},{"ancestorTitles":["TypingIndicator"],"duration":6,"failing":false,"failureDetails":[],"failureMessages":[],"fullName":"TypingIndicator renders with brand color class","invocations":1,"location":null,"numPassingAsserts":3,"retryReasons":[],"startAt":1782923667981,"status":"passed","title":"renders with brand color class"}],"endTime":1782923667988,"message":"","name":"C:\\Hackathons\\IITM\\SafeVixAI\\frontend\\components\\__tests__\\TypingIndicator.test.tsx","startTime":1782923667298,"status":"passed","summary":""},{"assertionResults":[{"ancestorTitles":["features"],"duration":18,"failing":false,"failureDetails":[],"failureMessages":[],"fullName":"features exports FEATURES with expected keys","invocations":1,"location":null,"numPassingAsserts":3,"retryReasons":[],"startAt":1782923667968,"status":"passed","title":"exports FEATURES with expected keys"}],"endTime":1782923667988,"message":"","name":"C:\\Hackathons\\IITM\\SafeVixAI\\frontend\\lib\\__tests__\\features.test.ts","startTime":1782923667642,"status":"passed","summary":""},{"assertionResults":[{"ancestorTitles":["gsap"],"duration":24,"failing":false,"failureDetails":[],"failureMessages":[],"fullName":"gsap exports gsap and ScrollTrigger","invocations":1,"location":null,"numPassingAsserts":2,"retryReasons":[],"startAt":1782923667975,"status":"passed","title":"exports gsap and ScrollTrigger"}],"endTime":1782923668001,"message":"","name":"C:\\Hackathons\\IITM\\SafeVixAI\\frontend\\lib\\__tests__\\gsap.test.ts","startTime":1782923667651,"status":"passed","summary":""},{"assertionResults":[{"ancestorTitles":["ServiceCardSkeleton"],"duration":9,"failing":false,"failureDetails":[],"failureMessages":[],"fullName":"ServiceCardSkeleton renders without crashing","invocations":1,"location":null,"numPassingAsserts":1,"retryReasons":[],"startAt":1782923668048,"status":"passed","title":"renders without crashing"},{"ancestorTitles":["ServiceCardSkeleton"],"duration":4,"failing":false,"failureDetails":[],"failureMessages":[],"fullName":"ServiceCardSkeleton renders skeleton elements","invocations":1,"location":null,"numPassingAsserts":1,"retryReasons":[],"startAt":1782923668057,"status":"passed","title":"renders skeleton elements"}],"endTime":1782923668062,"message":"","name":"C:\\Hackathons\\IITM\\SafeVixAI\\frontend\\components\\__tests__\\ServiceCardSkeleton.test.tsx","startTime":1782923667419,"status":"passed","summary":""},{"assertionResults":[{"ancestorTitles":["FirstAidCardSkeleton"],"duration":6,"failing":false,"failureDetails":[],"failureMessages":[],"fullName":"FirstAidCardSkeleton renders without crashing","invocations":1,"location":null,"numPassingAsserts":1,"retryReasons":[],"startAt":1782923668121,"status":"passed","title":"renders without crashing"},{"ancestorTitles":["FirstAidCardSkeleton"],"duration":3,"failing":false,"failureDetails":[],"failureMessages":[],"fullName":"FirstAidCardSkeleton renders all skeleton elements","invocations":1,"location":null,"numPassingAsserts":1,"retryReasons":[],"startAt":1782923668128,"status":"passed","title":"renders all skeleton elements"}],"endTime":1782923668132,"message":"","name":"C:\\Hackathons\\IITM\\SafeVixAI\\frontend\\components\\__tests__\\FirstAidCardSkeleton.test.tsx","startTime":1782923667692,"status":"passed","summary":""},{"assertionResults":[{"ancestorTitles":["Home Page structural verification"],"duration":150,"failing":false,"failureDetails":[],"failureMessages":[],"fullName":"Home Page structural verification renders the SafeVixAI app shell","invocations":1,"location":null,"numPassingAsserts":2,"retryReasons":[],"startAt":1782923667924,"status":"passed","title":"renders the SafeVixAI app shell"},{"ancestorTitles":["Home Page structural verification"],"duration":50,"failing":false,"failureDetails":[],"failureMessages":[],"fullName":"Home Page structural verification renders the emergency protocol surface","invocations":1,"location":null,"numPassingAsserts":2,"retryReasons":[],"startAt":1782923668074,"status":"passed","title":"renders the emergency protocol surface"},{"ancestorTitles":["Home Page structural verification"],"duration":42,"failing":false,"failureDetails":[],"failureMessages":[],"fullName":"Home Page structural verification renders with proper heading structure","invocations":1,"location":null,"numPassingAsserts":1,"retryReasons":[],"startAt":1782923668125,"status":"passed","title":"renders with proper heading structure"}],"endTime":1782923668168,"message":"","name":"C:\\Hackathons\\IITM\\SafeVixAI\\frontend\\tests\\home.test.tsx","startTime":1782923666697,"status":"passed","summary":""}],"wasInterrupted":false}
